#
# A fatal error has been detected by the Java Runtime Environment:
#
#  EXCEPTION_ACCESS_VIOLATION (0xc0000005) at pc=0x00007ffee6584eed, pid=6828, tid=5096
#
# JRE version: Java(TM) SE Runtime Environment (17.0.12+8) (build 17.0.12+8-LTS-286)
# Java VM: Java HotSpot(TM) 64-Bit Server VM (17.0.12+8-LTS-286, mixed mode, sharing, tiered, compressed oops, compressed class ptrs, g1 gc, windows-amd64)
# Problematic frame:
# C  [native-platform-file-events.dll+0x44eed]
#
# No core dump will be written. Minidumps are not enabled by default on client versions of Windows
#
# If you would like to submit a bug report, please visit:
#   https://bugreport.java.com/bugreport/crash.jsp
# The crash happened outside the Java Virtual Machine in native code.
# See problematic frame for where to report the bug.
#

---------------  S U M M A R Y ------------

Command Line: -XX:MaxMetaspaceSize=1024m -XX:+HeapDumpOnOutOfMemoryError --add-opens=java.base/java.util=ALL-UNNAMED --add-opens=java.base/java.lang=ALL-UNNAMED --add-opens=java.base/java.lang.invoke=ALL-UNNAMED --add-opens=java.prefs/java.util.prefs=ALL-UNNAMED --add-opens=java.base/java.nio.charset=ALL-UNNAMED --add-opens=java.base/java.net=ALL-UNNAMED --add-opens=java.base/java.util.concurrent.atomic=ALL-UNNAMED -Xmx4096m -Dfile.encoding=UTF-8 -Duser.country=US -Duser.language=es -Duser.variant -javaagent:V:\Users\Rodrigo\.gradle\wrapper\dists\gradle-8.2-bin\bbg7u40eoinfdyxsxr3z4i7ta\gradle-8.2\lib\agents\gradle-instrumentation-agent-8.2.jar org.gradle.launcher.daemon.bootstrap.GradleDaemon 8.2

Host: AMD Athlon(tm) II X2 270 Processor, 2 cores, 15G,  Windows 10 , 64 bit Build 19041 (10.0.19041.3155)
Time: Sun Feb  8 19:22:43 2026 Hora estándar de Montevideo elapsed time: 572.301457 seconds (0d 0h 9m 32s)

---------------  T H R E A D  ---------------

Current thread (0x000001bf7e89eae0):  JavaThread "File watcher server" daemon [_thread_in_native, id=5096, stack(0x000000308a400000,0x000000308a500000)]

Stack: [0x000000308a400000,0x000000308a500000],  sp=0x000000308a4fc6e0,  free space=1009k
Native frames: (J=compiled Java code, j=interpreted, Vv=VM code, C=native code)
C  [native-platform-file-events.dll+0x44eed]

Java frames: (J=compiled Java code, j=interpreted, Vv=VM code)
j  net.rubygrapefruit.platform.internal.jni.AbstractNativeFileEventFunctions$NativeFileWatcher.executeRunLoop0(Ljava/lang/Object;)V+0
j  net.rubygrapefruit.platform.internal.jni.AbstractNativeFileEventFunctions$NativeFileWatcher.executeRunLoop()V+5
j  net.rubygrapefruit.platform.internal.jni.AbstractFileEventFunctions$AbstractFileWatcher$1.run()V+21
v  ~StubRoutines::call_stub

siginfo: EXCEPTION_ACCESS_VIOLATION (0xc0000005), writing address 0x00007fff3b7339f0


Registers:
RAX=0x00000000ffffffff, RBX=0x00007fff3b7339e8, RCX=0x000001bf37860d40, RDX=0x000000308a4fe950
RSP=0x000000308a4fc6e0, RBP=0x000000308a4fe920, RSI=0x000000308a4fe770, RDI=0x000000308b3f97e0
R8 =0x000001bf37860d30, R9 =0x0000000000000000, R10=0x00007ffee6540000, R11=0x000001bf37860d80
R12=0x0000000000000000, R13=0x000000308a4fc838, R14=0x000000308a4fd550, R15=0x000000308a4fd6b8
RIP=0x00007ffee6584eed, EFLAGS=0x0000000000010286


Register to memory mapping:

RIP=0x00007ffee6584eed native-platform-file-events.dll
RAX=0x00000000ffffffff is an unknown value
RBX=0x00007fff3b7339e8 is an unknown value
RCX=0x000001bf37860d40 points into unknown readable memory: 0x00000001e06d7363 | 63 73 6d e0 01 00 00 00
RDX=0x000000308a4fe950 is pointing into the stack for thread: 0x000001bf7e89eae0
RSP=0x000000308a4fc6e0 is pointing into the stack for thread: 0x000001bf7e89eae0
RBP=0x000000308a4fe920 is pointing into the stack for thread: 0x000001bf7e89eae0
RSI=0x000000308a4fe770 is pointing into the stack for thread: 0x000001bf7e89eae0
RDI=0x000000308b3f97e0 is pointing into the stack for thread: 0x000001bf358443c0
R8 =0x000001bf37860d30 points into unknown readable memory: 0x00007ffee663df80 | 80 df 63 e6 fe 7f 00 00
R9 =0x0 is NULL
R10=0x00007ffee6540000 native-platform-file-events.dll
R11=0x000001bf37860d80 points into unknown readable memory: 0x0000000000000000 | 00 00 00 00 00 00 00 00
R12=0x0 is NULL
R13=0x000000308a4fc838 is pointing into the stack for thread: 0x000001bf7e89eae0
R14=0x000000308a4fd550 is pointing into the stack for thread: 0x000001bf7e89eae0
R15=0x000000308a4fd6b8 is pointing into the stack for thread: 0x000001bf7e89eae0


Top of Stack: (sp=0x000000308a4fc6e0)
0x000000308a4fc6e0:   000000308a4fc700 000000308a4fc700
0x000000308a4fc6f0:   0000000000000009 000000308a4fcdb0
0x000000308a4fc700:   000000003bd91c58 00007fff3b7339e8
0x000000308a4fc710:   000000308a4fd550 00007ffee656b1ed
0x000000308a4fc720:   000000308a4fe110 000001bf7e8461d0
0x000000308a4fc730:   0000e32c06f87705 000001bf656f73e3
0x000000308a4fc740:   000000308a4fd550 00007ffee6634c40
0x000000308a4fc750:   000000308b3f97e0 000000308a4fe950
0x000000308a4fc760:   0000000000000001 0000000047c86bbb
0x000000308a4fc770:   000000308a4fcdb0 00007ffee65cedf0
0x000000308a4fc780:   00007ffee6634c10 000000308a4fe920
0x000000308a4fc790:   000000308a4fe920 000001bf5630ae70
0x000000308a4fc7a0:   000000308a4fe110 00007ffee65c21b1
0x000000308a4fc7b0:   00007ffee6634c10 000000308a4fd6b8
0x000000308a4fc7c0:   0000000000000100 00007ffec9616566
0x000000308a4fc7d0:   000001bf00000000 0000000000000000 

Instructions: (pc=0x00007ffee6584eed)
0x00007ffee6584ded:   8b f9 0f 57 c0 f3 0f 7f 44 24 20 4c 8b 02 4d 89
0x00007ffee6584dfd:   43 e8 4c 8b 4a 08 4d 89 4b f0 48 83 22 00 48 83
0x00007ffee6584e0d:   62 08 00 48 8b 01 49 89 43 e8 4c 89 01 48 8b 59
0x00007ffee6584e1d:   08 49 89 5b f0 4c 89 49 08 48 85 db 74 39 83 c8
0x00007ffee6584e2d:   ff f0 0f c1 43 08 83 f8 01 75 2c 48 8b 03 48 8b
0x00007ffee6584e3d:   cb 48 8b 00 ff 15 d9 b1 0f 00 83 c8 ff f0 0f c1
0x00007ffee6584e4d:   43 0c 83 f8 01 75 10 48 8b 03 48 8b cb 48 8b 40
0x00007ffee6584e5d:   08 ff 15 bc b1 0f 00 48 8b c7 48 8b 5c 24 40 48
0x00007ffee6584e6d:   83 c4 30 5f c3 cc cc cc cc cc cc cc cc cc cc cc
0x00007ffee6584e7d:   cc cc cc cc cc cc cc cc cc cc cc cc cc cc cc cc
0x00007ffee6584e8d:   cc cc cc cc cc cc cc cc cc cc cc 48 89 5c 24 08
0x00007ffee6584e9d:   57 48 83 ec 30 48 8b f9 0f 57 c0 f3 0f 7f 44 24
0x00007ffee6584ead:   20 4c 8b 42 08 4d 85 c0 74 09 f0 41 ff 40 08 4c
0x00007ffee6584ebd:   8b 42 08 48 8b 0a 48 89 4c 24 20 4c 89 44 24 28
0x00007ffee6584ecd:   48 8b 07 48 89 44 24 20 48 89 0f 48 8b 5f 08 48
0x00007ffee6584edd:   89 5c 24 28 4c 89 47 08 48 85 db 74 39 83 c8 ff
0x00007ffee6584eed:   f0 0f c1 43 08 83 f8 01 75 2c 48 8b 03 48 8b cb
0x00007ffee6584efd:   48 8b 00 ff 15 1a b1 0f 00 83 c8 ff f0 0f c1 43
0x00007ffee6584f0d:   0c 83 f8 01 75 10 48 8b 03 48 8b cb 48 8b 40 08
0x00007ffee6584f1d:   ff 15 fd b0 0f 00 48 8b c7 48 8b 5c 24 40 48 83
0x00007ffee6584f2d:   c4 30 5f c3 cc cc cc cc cc cc cc cc cc cc cc cc
0x00007ffee6584f3d:   cc cc cc cc cc cc cc cc cc cc cc cc cc cc cc cc
0x00007ffee6584f4d:   cc cc cc cc cc cc cc cc cc cc cc 48 83 39 00 0f
0x00007ffee6584f5d:   95 c0 c3 cc cc cc cc 48 89 5c 24 10 48 89 4c 24
0x00007ffee6584f6d:   08 57 48 83 ec 20 8b da 48 8b f9 48 81 c1 a8 00
0x00007ffee6584f7d:   00 00 48 89 4c 24 40 48 8d 05 c5 71 0b 00 48 89
0x00007ffee6584f8d:   01 48 83 c1 08 e8 bb f0 fb ff f6 c3 01 74 0d ba
0x00007ffee6584f9d:   c0 00 00 00 48 8b cf e8 2b 0a fc ff 48 8b c7 48
0x00007ffee6584fad:   8b 5c 24 38 48 83 c4 20 5f c3 cc cc cc cc cc cc
0x00007ffee6584fbd:   cc cc cc cc cc cc cc cc cc cc cc cc cc cc cc 48
0x00007ffee6584fcd:   89 5c 24 10 48 89 4c 24 08 57 48 83 ec 20 8b da
0x00007ffee6584fdd:   48 8b f9 48 81 c1 a8 00 00 00 48 89 4c 24 40 48 


Stack slot to memory mapping:
stack at sp + 0 slots: 0x000000308a4fc700 is pointing into the stack for thread: 0x000001bf7e89eae0
stack at sp + 1 slots: 0x000000308a4fc700 is pointing into the stack for thread: 0x000001bf7e89eae0
stack at sp + 2 slots: 0x0000000000000009 is an unknown value
stack at sp + 3 slots: 0x000000308a4fcdb0 is pointing into the stack for thread: 0x000001bf7e89eae0
stack at sp + 4 slots: 0x000000003bd91c58 is an unknown value
stack at sp + 5 slots: 0x00007fff3b7339e8 is an unknown value
stack at sp + 6 slots: 0x000000308a4fd550 is pointing into the stack for thread: 0x000001bf7e89eae0
stack at sp + 7 slots: 0x00007ffee656b1ed native-platform-file-events.dll


---------------  P R O C E S S  ---------------

Threads class SMR info:
_java_thread_list=0x000001bf3705ff10, length=45, elements={
0x000001bf56311950, 0x000001bf78588680, 0x000001bf78589410, 0x000001bf7859aa70,
0x000001bf7859b540, 0x000001bf7859ce20, 0x000001bf7859d6f0, 0x000001bf7859eb40,
0x000001bf785a00b0, 0x000001bf785ac660, 0x000001bf7856e720, 0x000001bf787d8600,
0x000001bf78967970, 0x000001bf7e1ed3c0, 0x000001bf7d665200, 0x000001bf7e89d6a0,
0x000001bf7e89e0c0, 0x000001bf7e89e5d0, 0x000001bf7e89eae0, 0x000001bf7e89f500,
0x000001bf7f489080, 0x000001bf7f48a9d0, 0x000001bf7f48aee0, 0x000001bf7f488150,
0x000001bf7f488b70, 0x000001bf7f4858d0, 0x000001bf443dc250, 0x000001bf443da900,
0x000001bf443dae10, 0x000001bf443d8aa0, 0x000001bf443d8fb0, 0x000001bf443d99d0,
0x000001bf443d9ee0, 0x000001bf443da3f0, 0x000001bf7e89eff0, 0x000001bf7e89fa10,
0x000001bf7e8a0430, 0x000001bf7e89cc80, 0x000001bf7e89dbb0, 0x000001bf7f484eb0,
0x000001bf7f483f80, 0x000001bf7f48b3f0, 0x000001bf358443c0, 0x000001bf358499d0,
0x000001bf35842a70
}

Java Threads: ( => current thread )
  0x000001bf56311950 JavaThread "main" [_thread_blocked, id=7152, stack(0x0000003088200000,0x0000003088300000)]
  0x000001bf78588680 JavaThread "Reference Handler" daemon [_thread_blocked, id=5912, stack(0x0000003088a00000,0x0000003088b00000)]
  0x000001bf78589410 JavaThread "Finalizer" daemon [_thread_blocked, id=7756, stack(0x0000003088b00000,0x0000003088c00000)]
  0x000001bf7859aa70 JavaThread "Signal Dispatcher" daemon [_thread_blocked, id=6516, stack(0x0000003088c00000,0x0000003088d00000)]
  0x000001bf7859b540 JavaThread "Attach Listener" daemon [_thread_blocked, id=7600, stack(0x0000003088d00000,0x0000003088e00000)]
  0x000001bf7859ce20 JavaThread "Service Thread" daemon [_thread_blocked, id=5644, stack(0x0000003088e00000,0x0000003088f00000)]
  0x000001bf7859d6f0 JavaThread "Monitor Deflation Thread" daemon [_thread_blocked, id=6848, stack(0x0000003088f00000,0x0000003089000000)]
  0x000001bf7859eb40 JavaThread "C2 CompilerThread0" daemon [_thread_blocked, id=4100, stack(0x0000003089000000,0x0000003089100000)]
  0x000001bf785a00b0 JavaThread "C1 CompilerThread0" daemon [_thread_blocked, id=3348, stack(0x0000003089100000,0x0000003089200000)]
  0x000001bf785ac660 JavaThread "Sweeper thread" daemon [_thread_blocked, id=7200, stack(0x0000003089200000,0x0000003089300000)]
  0x000001bf7856e720 JavaThread "Common-Cleaner" daemon [_thread_blocked, id=3512, stack(0x0000003089300000,0x0000003089400000)]
  0x000001bf787d8600 JavaThread "Notification Thread" daemon [_thread_blocked, id=7840, stack(0x0000003089400000,0x0000003089500000)]
  0x000001bf78967970 JavaThread "Daemon health stats" [_thread_blocked, id=3624, stack(0x0000003089700000,0x0000003089800000)]
  0x000001bf7e1ed3c0 JavaThread "Incoming local TCP Connector on port 50780" [_thread_in_native, id=8076, stack(0x0000003089800000,0x0000003089900000)]
  0x000001bf7d665200 JavaThread "Daemon periodic checks" [_thread_blocked, id=1944, stack(0x0000003089900000,0x0000003089a00000)]
  0x000001bf7e89d6a0 JavaThread "Cache worker for journal cache (V:\Users\Rodrigo\.gradle\caches\journal-1)" [_thread_blocked, id=7356, stack(0x000000308a100000,0x000000308a200000)]
  0x000001bf7e89e0c0 JavaThread "File lock request listener" [_thread_in_native, id=3592, stack(0x000000308a200000,0x000000308a300000)]
  0x000001bf7e89e5d0 JavaThread "Cache worker for file hash cache (V:\Users\Rodrigo\.gradle\caches\8.2\fileHashes)" [_thread_blocked, id=7296, stack(0x000000308a300000,0x000000308a400000)]
=>0x000001bf7e89eae0 JavaThread "File watcher server" daemon [_thread_in_native, id=5096, stack(0x000000308a400000,0x000000308a500000)]
  0x000001bf7e89f500 JavaThread "File watcher consumer" daemon [_thread_blocked, id=2180, stack(0x000000308a500000,0x000000308a600000)]
  0x000001bf7f489080 JavaThread "Cache worker for file content cache (V:\Users\Rodrigo\.gradle\caches\8.2\fileContent)" [_thread_blocked, id=7604, stack(0x000000308a800000,0x000000308a900000)]
  0x000001bf7f48a9d0 JavaThread "Cache worker for execution history cache (V:\Users\Rodrigo\.gradle\caches\8.2\executionHistory)" [_thread_blocked, id=7196, stack(0x000000308ab00000,0x000000308ac00000)]
  0x000001bf7f48aee0 JavaThread "jar transforms" [_thread_blocked, id=7740, stack(0x000000308ac00000,0x000000308ad00000)]
  0x000001bf7f488150 JavaThread "jar transforms Thread 2" [_thread_blocked, id=7496, stack(0x000000308ad00000,0x000000308ae00000)]
  0x000001bf7f488b70 JavaThread "Cache worker for kotlin-dsl (V:\Users\Rodrigo\.gradle\caches\8.2\kotlin-dsl)" [_thread_blocked, id=7620, stack(0x000000308af00000,0x000000308b000000)]
  0x000001bf7f4858d0 JavaThread "Memory manager" [_thread_blocked, id=8592, stack(0x000000308b600000,0x000000308b700000)]
  0x000001bf443dc250 JavaThread "Daemon Thread 3" [_thread_blocked, id=220, stack(0x0000003088100000,0x0000003088200000)]
  0x000001bf443da900 JavaThread "Handler for socket connection from /127.0.0.1:50780 to /127.0.0.1:51197" [_thread_in_native, id=8456, stack(0x0000003088300000,0x0000003088400000)]
  0x000001bf443dae10 JavaThread "Cancel handler" [_thread_blocked, id=8620, stack(0x0000003089a00000,0x0000003089b00000)]
  0x000001bf443d8aa0 JavaThread "Daemon worker Thread 3" [_thread_blocked, id=6892, stack(0x0000003089b00000,0x0000003089c00000)]
  0x000001bf443d8fb0 JavaThread "Asynchronous log dispatcher for DefaultDaemonConnection: socket connection from /127.0.0.1:50780 to /127.0.0.1:51197" [_thread_blocked, id=8996, stack(0x0000003089c00000,0x0000003089d00000)]
  0x000001bf443d99d0 JavaThread "Stdin handler" [_thread_blocked, id=7308, stack(0x0000003089d00000,0x0000003089e00000)]
  0x000001bf443d9ee0 JavaThread "Daemon client event forwarder" [_thread_blocked, id=8140, stack(0x0000003089e00000,0x0000003089f00000)]
  0x000001bf443da3f0 JavaThread "Cache worker for checksums cache (C:\Users\Rodrigo\Documents\Rendly\.gradle\8.2\checksums)" [_thread_blocked, id=8276, stack(0x0000003089f00000,0x000000308a000000)]
  0x000001bf7e89eff0 JavaThread "Cache worker for cache directory md-rule (V:\Users\Rodrigo\.gradle\caches\8.2\md-rule)" [_thread_blocked, id=8768, stack(0x000000308a000000,0x000000308a100000)]
  0x000001bf7e89fa10 JavaThread "Cache worker for file hash cache (C:\Users\Rodrigo\Documents\Rendly\.gradle\8.2\fileHashes)" [_thread_blocked, id=7680, stack(0x000000308a600000,0x000000308a700000)]
  0x000001bf7e8a0430 JavaThread "Cache worker for cache directory md-supplier (V:\Users\Rodrigo\.gradle\caches\8.2\md-supplier)" [_thread_blocked, id=6984, stack(0x000000308a700000,0x000000308a800000)]
  0x000001bf7e89cc80 JavaThread "Cache worker for dependencies-accessors (C:\Users\Rodrigo\Documents\Rendly\.gradle\8.2\dependencies-accessors)" [_thread_blocked, id=7700, stack(0x000000308a900000,0x000000308aa00000)]
  0x000001bf7e89dbb0 JavaThread "Cache worker for Build Output Cleanup Cache (C:\Users\Rodrigo\Documents\Rendly\.gradle\buildOutputCleanup)" [_thread_blocked, id=8532, stack(0x000000308aa00000,0x000000308ab00000)]
  0x000001bf7f484eb0 JavaThread "Unconstrained build operations" [_thread_blocked, id=8104, stack(0x000000308b000000,0x000000308b100000)]
  0x000001bf7f483f80 JavaThread "Unconstrained build operations Thread 2" [_thread_blocked, id=8216, stack(0x000000308b100000,0x000000308b200000)]
  0x000001bf7f48b3f0 JavaThread "build event listener" [_thread_blocked, id=5456, stack(0x000000308b200000,0x000000308b300000)]
  0x000001bf358443c0 JavaThread "included builds" [_thread_in_vm, id=8476, stack(0x000000308b300000,0x000000308b400000)]
  0x000001bf358499d0 JavaThread "Execution worker" [_thread_blocked, id=8980, stack(0x000000308b400000,0x000000308b500000)]
  0x000001bf35842a70 JavaThread "Cache worker for execution history cache (C:\Users\Rodrigo\Documents\Rendly\.gradle\8.2\executionHistory)" [_thread_blocked, id=8916, stack(0x000000308b500000,0x000000308b600000)]

Other Threads:
  0x000001bf78582fb0 VMThread "VM Thread" [stack: 0x0000003088900000,0x0000003088a00000] [id=6980] _threads_hazard_ptr=0x000001bf3705ff10
  0x000001bf78757bf0 WatcherThread [stack: 0x0000003089500000,0x0000003089600000] [id=7420]
  0x000001bf5637c030 GCTaskThread "GC Thread#0" [stack: 0x0000003088400000,0x0000003088500000] [id=7628]
  0x000001bf789509a0 GCTaskThread "GC Thread#1" [stack: 0x0000003089600000,0x0000003089700000] [id=7360]
  0x000001bf5638dea0 ConcurrentGCThread "G1 Main Marker" [stack: 0x0000003088500000,0x0000003088600000] [id=1980]
  0x000001bf5638e7c0 ConcurrentGCThread "G1 Conc#0" [stack: 0x0000003088600000,0x0000003088700000] [id=3628]
  0x000001bf784420c0 ConcurrentGCThread "G1 Refine#0" [stack: 0x0000003088700000,0x0000003088800000] [id=1100]
  0x000001bf7eaa9010 ConcurrentGCThread "G1 Refine#1" [stack: 0x000000308ae00000,0x000000308af00000] [id=7952]
  0x000001bf78442a00 ConcurrentGCThread "G1 Service" [stack: 0x0000003088800000,0x0000003088900000] [id=4772]

Threads with active compile tasks:

VM state: synchronizing (normal execution)

VM Mutex/Monitor currently owned by a thread:  ([mutex/lock_event])
[0x000001bf5630bf10] Threads_lock - owner thread: 0x000001bf78582fb0

Heap address: 0x0000000700000000, size: 4096 MB, Compressed Oops mode: Zero based, Oop shift amount: 3

CDS archive(s) mapped at: [0x000001bf00000000-0x000001bf00bd0000-0x000001bf00bd0000), size 12386304, SharedBaseAddress: 0x000001bf00000000, ArchiveRelocationMode: 1.
Compressed class space mapped at: 0x000001bf01000000-0x000001bf35000000, reserved size: 872415232
Narrow klass base: 0x000001bf00000000, Narrow klass shift: 0, Narrow klass range: 0x100000000

GC Precious Log:
 CPUs: 2 total, 2 available
 Memory: 16383M
 Large Page Support: Disabled
 NUMA Support: Disabled
 Compressed Oops: Enabled (Zero based)
 Heap Region Size: 2M
 Heap Min Capacity: 8M
 Heap Initial Capacity: 256M
 Heap Max Capacity: 4G
 Pre-touch: Disabled
 Parallel Workers: 2
 Concurrent Workers: 1
 Concurrent Refinement Workers: 2
 Periodic GC: Disabled

Heap:
 garbage-first heap   total 595968K, used 270515K [0x0000000700000000, 0x0000000800000000)
  region size 2048K, 33 young (67584K), 14 survivors (28672K)
 Metaspace       used 152540K, committed 153856K, reserved 1048576K
  class space    used 19365K, committed 19968K, reserved 851968K

Heap Regions: E=young(eden), S=young(survivor), O=old, HS=humongous(starts), HC=humongous(continues), CS=collection set, F=free, OA=open archive, CA=closed archive, TAMS=top-at-mark-start (previous, next)
|   0|0x0000000700000000, 0x0000000700200000, 0x0000000700200000|100%| O|  |TAMS 0x0000000700200000, 0x0000000700000000| Untracked 
|   1|0x0000000700200000, 0x0000000700400000, 0x0000000700400000|100%|HS|  |TAMS 0x0000000700400000, 0x0000000700200000| Complete 
|   2|0x0000000700400000, 0x0000000700600000, 0x0000000700600000|100%|HC|  |TAMS 0x0000000700600000, 0x0000000700400000| Complete 
|   3|0x0000000700600000, 0x0000000700800000, 0x0000000700800000|100%| O|  |TAMS 0x0000000700800000, 0x0000000700600000| Untracked 
|   4|0x0000000700800000, 0x0000000700a00000, 0x0000000700a00000|100%| O|  |TAMS 0x0000000700a00000, 0x0000000700800000| Untracked 
|   5|0x0000000700a00000, 0x0000000700c00000, 0x0000000700c00000|100%| O|  |TAMS 0x0000000700c00000, 0x0000000700a00000| Untracked 
|   6|0x0000000700c00000, 0x0000000700e00000, 0x0000000700e00000|100%| O|  |TAMS 0x0000000700e00000, 0x0000000700c00000| Untracked 
|   7|0x0000000700e00000, 0x0000000701000000, 0x0000000701000000|100%| O|  |TAMS 0x0000000701000000, 0x0000000700e00000| Untracked 
|   8|0x0000000701000000, 0x0000000701200000, 0x0000000701200000|100%| O|  |TAMS 0x0000000701200000, 0x0000000701000000| Untracked 
|   9|0x0000000701200000, 0x0000000701400000, 0x0000000701400000|100%| O|  |TAMS 0x0000000701400000, 0x0000000701200000| Untracked 
|  10|0x0000000701400000, 0x0000000701600000, 0x0000000701600000|100%| O|  |TAMS 0x0000000701600000, 0x0000000701400000| Untracked 
|  11|0x0000000701600000, 0x0000000701800000, 0x0000000701800000|100%| O|  |TAMS 0x0000000701800000, 0x0000000701600000| Untracked 
|  12|0x0000000701800000, 0x0000000701a00000, 0x0000000701a00000|100%|HS|  |TAMS 0x0000000701a00000, 0x0000000701800000| Complete 
|  13|0x0000000701a00000, 0x0000000701c00000, 0x0000000701c00000|100%| O|  |TAMS 0x0000000701c00000, 0x0000000701a00000| Untracked 
|  14|0x0000000701c00000, 0x0000000701e00000, 0x0000000701e00000|100%| O|  |TAMS 0x0000000701e00000, 0x0000000701c00000| Untracked 
|  15|0x0000000701e00000, 0x0000000702000000, 0x0000000702000000|100%| O|  |TAMS 0x0000000702000000, 0x0000000701e00000| Untracked 
|  16|0x0000000702000000, 0x0000000702200000, 0x0000000702200000|100%| O|  |TAMS 0x0000000702200000, 0x0000000702000000| Untracked 
|  17|0x0000000702200000, 0x0000000702400000, 0x0000000702400000|100%|HS|  |TAMS 0x0000000702400000, 0x0000000702200000| Complete 
|  18|0x0000000702400000, 0x0000000702600000, 0x0000000702600000|100%|HC|  |TAMS 0x0000000702600000, 0x0000000702400000| Complete 
|  19|0x0000000702600000, 0x0000000702800000, 0x0000000702800000|100%|HS|  |TAMS 0x0000000702800000, 0x0000000702600000| Complete 
|  20|0x0000000702800000, 0x0000000702a00000, 0x0000000702a00000|100%| O|  |TAMS 0x0000000702a00000, 0x0000000702800000| Untracked 
|  21|0x0000000702a00000, 0x0000000702c00000, 0x0000000702c00000|100%| O|  |TAMS 0x0000000702a00000, 0x0000000702a00000| Untracked 
|  22|0x0000000702c00000, 0x0000000702e00000, 0x0000000702e00000|100%| O|  |TAMS 0x0000000702e00000, 0x0000000702c00000| Untracked 
|  23|0x0000000702e00000, 0x0000000703000000, 0x0000000703000000|100%| O|  |TAMS 0x0000000703000000, 0x0000000702e00000| Untracked 
|  24|0x0000000703000000, 0x0000000703200000, 0x0000000703200000|100%| O|  |TAMS 0x0000000703200000, 0x0000000703000000| Untracked 
|  25|0x0000000703200000, 0x0000000703400000, 0x0000000703400000|100%| O|  |TAMS 0x0000000703400000, 0x0000000703200000| Untracked 
|  26|0x0000000703400000, 0x0000000703600000, 0x0000000703600000|100%| O|  |TAMS 0x0000000703600000, 0x0000000703400000| Untracked 
|  27|0x0000000703600000, 0x0000000703800000, 0x0000000703800000|100%| O|  |TAMS 0x0000000703800000, 0x0000000703600000| Untracked 
|  28|0x0000000703800000, 0x0000000703a00000, 0x0000000703a00000|100%| O|  |TAMS 0x0000000703a00000, 0x0000000703800000| Untracked 
|  29|0x0000000703a00000, 0x0000000703c00000, 0x0000000703c00000|100%| O|  |TAMS 0x0000000703c00000, 0x0000000703a00000| Untracked 
|  30|0x0000000703c00000, 0x0000000703e00000, 0x0000000703e00000|100%| O|  |TAMS 0x0000000703e00000, 0x0000000703c00000| Untracked 
|  31|0x0000000703e00000, 0x0000000704000000, 0x0000000704000000|100%|HS|  |TAMS 0x0000000704000000, 0x0000000703e00000| Complete 
|  32|0x0000000704000000, 0x0000000704200000, 0x0000000704200000|100%|HC|  |TAMS 0x0000000704200000, 0x0000000704000000| Complete 
|  33|0x0000000704200000, 0x0000000704400000, 0x0000000704400000|100%| O|  |TAMS 0x0000000704400000, 0x0000000704200000| Untracked 
|  34|0x0000000704400000, 0x0000000704600000, 0x0000000704600000|100%| O|  |TAMS 0x0000000704600000, 0x0000000704400000| Untracked 
|  35|0x0000000704600000, 0x0000000704800000, 0x0000000704800000|100%| O|  |TAMS 0x0000000704800000, 0x0000000704600000| Untracked 
|  36|0x0000000704800000, 0x0000000704a00000, 0x0000000704a00000|100%|HS|  |TAMS 0x0000000704a00000, 0x0000000704800000| Complete 
|  37|0x0000000704a00000, 0x0000000704c00000, 0x0000000704c00000|100%|HC|  |TAMS 0x0000000704c00000, 0x0000000704a00000| Complete 
|  38|0x0000000704c00000, 0x0000000704e00000, 0x0000000704e00000|100%| O|  |TAMS 0x0000000704e00000, 0x0000000704c00000| Untracked 
|  39|0x0000000704e00000, 0x0000000705000000, 0x0000000705000000|100%| O|  |TAMS 0x0000000705000000, 0x0000000704e00000| Untracked 
|  40|0x0000000705000000, 0x0000000705200000, 0x0000000705200000|100%| O|  |TAMS 0x0000000705200000, 0x0000000705000000| Untracked 
|  41|0x0000000705200000, 0x0000000705400000, 0x0000000705400000|100%| O|  |TAMS 0x0000000705400000, 0x0000000705200000| Untracked 
|  42|0x0000000705400000, 0x0000000705600000, 0x0000000705600000|100%| O|  |TAMS 0x0000000705600000, 0x0000000705400000| Untracked 
|  43|0x0000000705600000, 0x0000000705800000, 0x0000000705800000|100%| O|  |TAMS 0x0000000705800000, 0x0000000705600000| Untracked 
|  44|0x0000000705800000, 0x0000000705a00000, 0x0000000705a00000|100%| O|  |TAMS 0x0000000705a00000, 0x0000000705800000| Untracked 
|  45|0x0000000705a00000, 0x0000000705c00000, 0x0000000705c00000|100%| O|  |TAMS 0x0000000705c00000, 0x0000000705a00000| Untracked 
|  46|0x0000000705c00000, 0x0000000705e00000, 0x0000000705e00000|100%| O|  |TAMS 0x0000000705e00000, 0x0000000705c00000| Untracked 
|  47|0x0000000705e00000, 0x0000000706000000, 0x0000000706000000|100%| O|  |TAMS 0x0000000706000000, 0x0000000705e00000| Untracked 
|  48|0x0000000706000000, 0x0000000706200000, 0x0000000706200000|100%| O|  |TAMS 0x0000000706200000, 0x0000000706000000| Untracked 
|  49|0x0000000706200000, 0x0000000706400000, 0x0000000706400000|100%| O|  |TAMS 0x0000000706400000, 0x0000000706200000| Untracked 
|  50|0x0000000706400000, 0x0000000706600000, 0x0000000706600000|100%| O|  |TAMS 0x0000000706600000, 0x0000000706400000| Untracked 
|  51|0x0000000706600000, 0x0000000706800000, 0x0000000706800000|100%| O|  |TAMS 0x0000000706800000, 0x0000000706600000| Untracked 
|  52|0x0000000706800000, 0x0000000706a00000, 0x0000000706a00000|100%| O|  |TAMS 0x0000000706a00000, 0x0000000706800000| Untracked 
|  53|0x0000000706a00000, 0x0000000706c00000, 0x0000000706c00000|100%| O|  |TAMS 0x0000000706c00000, 0x0000000706a00000| Untracked 
|  54|0x0000000706c00000, 0x0000000706e00000, 0x0000000706e00000|100%| O|  |TAMS 0x0000000706e00000, 0x0000000706c00000| Untracked 
|  55|0x0000000706e00000, 0x0000000707000000, 0x0000000707000000|100%| O|  |TAMS 0x0000000707000000, 0x0000000706e00000| Untracked 
|  56|0x0000000707000000, 0x0000000707200000, 0x0000000707200000|100%| O|  |TAMS 0x0000000707000000, 0x0000000707000000| Untracked 
|  57|0x0000000707200000, 0x0000000707400000, 0x0000000707400000|100%| O|  |TAMS 0x0000000707400000, 0x0000000707200000| Untracked 
|  58|0x0000000707400000, 0x0000000707600000, 0x0000000707600000|100%| O|  |TAMS 0x0000000707600000, 0x0000000707400000| Untracked 
|  59|0x0000000707600000, 0x0000000707800000, 0x0000000707800000|100%| O|  |TAMS 0x0000000707800000, 0x0000000707600000| Untracked 
|  60|0x0000000707800000, 0x0000000707a00000, 0x0000000707a00000|100%| O|  |TAMS 0x0000000707a00000, 0x0000000707800000| Untracked 
|  61|0x0000000707a00000, 0x0000000707c00000, 0x0000000707c00000|100%| O|  |TAMS 0x0000000707a00000, 0x0000000707a00000| Untracked 
|  62|0x0000000707c00000, 0x0000000707e00000, 0x0000000707e00000|100%| O|  |TAMS 0x0000000707c00000, 0x0000000707c00000| Untracked 
|  63|0x0000000707e00000, 0x0000000708000000, 0x0000000708000000|100%| O|  |TAMS 0x0000000707e00000, 0x0000000707e00000| Untracked 
|  64|0x0000000708000000, 0x0000000708200000, 0x0000000708200000|100%| O|  |TAMS 0x0000000708000000, 0x0000000708000000| Untracked 
|  65|0x0000000708200000, 0x0000000708400000, 0x0000000708400000|100%| O|  |TAMS 0x0000000708200000, 0x0000000708200000| Untracked 
|  66|0x0000000708400000, 0x0000000708600000, 0x0000000708600000|100%| O|  |TAMS 0x0000000708400000, 0x0000000708400000| Untracked 
|  67|0x0000000708600000, 0x0000000708800000, 0x0000000708800000|100%| O|  |TAMS 0x0000000708600000, 0x0000000708600000| Untracked 
|  68|0x0000000708800000, 0x0000000708a00000, 0x0000000708a00000|100%| O|  |TAMS 0x0000000708800000, 0x0000000708800000| Untracked 
|  69|0x0000000708a00000, 0x0000000708c00000, 0x0000000708c00000|100%| O|  |TAMS 0x0000000708a00000, 0x0000000708a00000| Untracked 
|  70|0x0000000708c00000, 0x0000000708d2cc00, 0x0000000708e00000| 58%| O|  |TAMS 0x0000000708c00000, 0x0000000708c00000| Untracked 
|  71|0x0000000708e00000, 0x0000000709000000, 0x0000000709000000|100%| O|  |TAMS 0x0000000709000000, 0x0000000708e00000| Untracked 
|  72|0x0000000709000000, 0x0000000709000000, 0x0000000709200000|  0%| F|  |TAMS 0x0000000709000000, 0x0000000709000000| Untracked 
|  73|0x0000000709200000, 0x0000000709400000, 0x0000000709400000|100%| O|  |TAMS 0x0000000709400000, 0x0000000709200000| Untracked 
|  74|0x0000000709400000, 0x0000000709600000, 0x0000000709600000|100%| O|  |TAMS 0x0000000709600000, 0x0000000709400000| Untracked 
|  75|0x0000000709600000, 0x0000000709800000, 0x0000000709800000|100%| O|  |TAMS 0x0000000709800000, 0x0000000709600000| Untracked 
|  76|0x0000000709800000, 0x0000000709a00000, 0x0000000709a00000|100%| O|  |TAMS 0x0000000709a00000, 0x0000000709800000| Untracked 
|  77|0x0000000709a00000, 0x0000000709a00000, 0x0000000709c00000|  0%| F|  |TAMS 0x0000000709a00000, 0x0000000709a00000| Untracked 
|  78|0x0000000709c00000, 0x0000000709c00000, 0x0000000709e00000|  0%| F|  |TAMS 0x0000000709c00000, 0x0000000709c00000| Untracked 
|  79|0x0000000709e00000, 0x000000070a000000, 0x000000070a000000|100%| O|  |TAMS 0x000000070a000000, 0x0000000709e00000| Untracked 
|  80|0x000000070a000000, 0x000000070a200000, 0x000000070a200000|100%| O|  |TAMS 0x000000070a200000, 0x000000070a000000| Untracked 
|  81|0x000000070a200000, 0x000000070a200000, 0x000000070a400000|  0%| F|  |TAMS 0x000000070a200000, 0x000000070a200000| Untracked 
|  82|0x000000070a400000, 0x000000070a400000, 0x000000070a600000|  0%| F|  |TAMS 0x000000070a400000, 0x000000070a400000| Untracked 
|  83|0x000000070a600000, 0x000000070a600000, 0x000000070a800000|  0%| F|  |TAMS 0x000000070a600000, 0x000000070a600000| Untracked 
|  84|0x000000070a800000, 0x000000070a800000, 0x000000070aa00000|  0%| F|  |TAMS 0x000000070a800000, 0x000000070a800000| Untracked 
|  85|0x000000070aa00000, 0x000000070ac00000, 0x000000070ac00000|100%| O|  |TAMS 0x000000070aa00000, 0x000000070aa00000| Untracked 
|  86|0x000000070ac00000, 0x000000070ac00000, 0x000000070ae00000|  0%| F|  |TAMS 0x000000070ac00000, 0x000000070ac00000| Untracked 
|  87|0x000000070ae00000, 0x000000070b000000, 0x000000070b000000|100%| O|  |TAMS 0x000000070b000000, 0x000000070ae00000| Untracked 
|  88|0x000000070b000000, 0x000000070b200000, 0x000000070b200000|100%| O|  |TAMS 0x000000070b200000, 0x000000070b000000| Untracked 
|  89|0x000000070b200000, 0x000000070b400000, 0x000000070b400000|100%| O|  |TAMS 0x000000070b400000, 0x000000070b200000| Untracked 
|  90|0x000000070b400000, 0x000000070b600000, 0x000000070b600000|100%| O|  |TAMS 0x000000070b600000, 0x000000070b400000| Untracked 
|  91|0x000000070b600000, 0x000000070b800000, 0x000000070b800000|100%| O|  |TAMS 0x000000070b800000, 0x000000070b600000| Untracked 
|  92|0x000000070b800000, 0x000000070ba00000, 0x000000070ba00000|100%| O|  |TAMS 0x000000070ba00000, 0x000000070b800000| Untracked 
|  93|0x000000070ba00000, 0x000000070bc00000, 0x000000070bc00000|100%| O|  |TAMS 0x000000070bae9c00, 0x000000070ba00000| Untracked 
|  94|0x000000070bc00000, 0x000000070be00000, 0x000000070be00000|100%| O|  |TAMS 0x000000070bc00000, 0x000000070bc00000| Untracked 
|  95|0x000000070be00000, 0x000000070c000000, 0x000000070c000000|100%| O|  |TAMS 0x000000070be00000, 0x000000070be00000| Untracked 
|  96|0x000000070c000000, 0x000000070c200000, 0x000000070c200000|100%| O|  |TAMS 0x000000070c000000, 0x000000070c000000| Untracked 
|  97|0x000000070c200000, 0x000000070c400000, 0x000000070c400000|100%| O|  |TAMS 0x000000070c200000, 0x000000070c200000| Untracked 
|  98|0x000000070c400000, 0x000000070c600000, 0x000000070c600000|100%| O|  |TAMS 0x000000070c400000, 0x000000070c400000| Untracked 
|  99|0x000000070c600000, 0x000000070c800000, 0x000000070c800000|100%| O|  |TAMS 0x000000070c600000, 0x000000070c600000| Untracked 
| 100|0x000000070c800000, 0x000000070ca00000, 0x000000070ca00000|100%| O|  |TAMS 0x000000070c800000, 0x000000070c800000| Untracked 
| 101|0x000000070ca00000, 0x000000070cc00000, 0x000000070cc00000|100%| O|  |TAMS 0x000000070ca00000, 0x000000070ca00000| Untracked 
| 102|0x000000070cc00000, 0x000000070ce00000, 0x000000070ce00000|100%| O|  |TAMS 0x000000070cc00000, 0x000000070cc00000| Untracked 
| 103|0x000000070ce00000, 0x000000070d000000, 0x000000070d000000|100%| O|  |TAMS 0x000000070ce00000, 0x000000070ce00000| Untracked 
| 104|0x000000070d000000, 0x000000070d200000, 0x000000070d200000|100%| O|  |TAMS 0x000000070d000000, 0x000000070d000000| Untracked 
| 105|0x000000070d200000, 0x000000070d400000, 0x000000070d400000|100%| O|  |TAMS 0x000000070d200000, 0x000000070d200000| Untracked 
| 106|0x000000070d400000, 0x000000070d600000, 0x000000070d600000|100%| O|  |TAMS 0x000000070d400000, 0x000000070d400000| Untracked 
| 107|0x000000070d600000, 0x000000070d800000, 0x000000070d800000|100%| O|  |TAMS 0x000000070d600000, 0x000000070d600000| Untracked 
| 108|0x000000070d800000, 0x000000070d800000, 0x000000070da00000|  0%| F|  |TAMS 0x000000070d800000, 0x000000070d800000| Untracked 
| 109|0x000000070da00000, 0x000000070da00000, 0x000000070dc00000|  0%| F|  |TAMS 0x000000070da00000, 0x000000070da00000| Untracked 
| 110|0x000000070dc00000, 0x000000070dc00000, 0x000000070de00000|  0%| F|  |TAMS 0x000000070dc00000, 0x000000070dc00000| Untracked 
| 111|0x000000070de00000, 0x000000070de00000, 0x000000070e000000|  0%| F|  |TAMS 0x000000070de00000, 0x000000070de00000| Untracked 
| 112|0x000000070e000000, 0x000000070e000000, 0x000000070e200000|  0%| F|  |TAMS 0x000000070e000000, 0x000000070e000000| Untracked 
| 113|0x000000070e200000, 0x000000070e200000, 0x000000070e400000|  0%| F|  |TAMS 0x000000070e200000, 0x000000070e200000| Untracked 
| 114|0x000000070e400000, 0x000000070e400000, 0x000000070e600000|  0%| F|  |TAMS 0x000000070e400000, 0x000000070e400000| Untracked 
| 115|0x000000070e600000, 0x000000070e600000, 0x000000070e800000|  0%| F|  |TAMS 0x000000070e600000, 0x000000070e600000| Untracked 
| 116|0x000000070e800000, 0x000000070e800000, 0x000000070ea00000|  0%| F|  |TAMS 0x000000070e800000, 0x000000070e800000| Untracked 
| 117|0x000000070ea00000, 0x000000070ea00000, 0x000000070ec00000|  0%| F|  |TAMS 0x000000070ea00000, 0x000000070ea00000| Untracked 
| 118|0x000000070ec00000, 0x000000070ec00000, 0x000000070ee00000|  0%| F|  |TAMS 0x000000070ec00000, 0x000000070ec00000| Untracked 
| 119|0x000000070ee00000, 0x000000070ee00000, 0x000000070f000000|  0%| F|  |TAMS 0x000000070ee00000, 0x000000070ee00000| Untracked 
| 120|0x000000070f000000, 0x000000070f000000, 0x000000070f200000|  0%| F|  |TAMS 0x000000070f000000, 0x000000070f000000| Untracked 
| 121|0x000000070f200000, 0x000000070f200000, 0x000000070f400000|  0%| F|  |TAMS 0x000000070f200000, 0x000000070f200000| Untracked 
| 122|0x000000070f400000, 0x000000070f400000, 0x000000070f600000|  0%| F|  |TAMS 0x000000070f400000, 0x000000070f400000| Untracked 
| 123|0x000000070f600000, 0x000000070f600000, 0x000000070f800000|  0%| F|  |TAMS 0x000000070f600000, 0x000000070f600000| Untracked 
| 124|0x000000070f800000, 0x000000070f800000, 0x000000070fa00000|  0%| F|  |TAMS 0x000000070f800000, 0x000000070f800000| Untracked 
| 125|0x000000070fa00000, 0x000000070fa00000, 0x000000070fc00000|  0%| F|  |TAMS 0x000000070fa00000, 0x000000070fa00000| Untracked 
| 126|0x000000070fc00000, 0x000000070fc00000, 0x000000070fe00000|  0%| F|  |TAMS 0x000000070fc00000, 0x000000070fc00000| Untracked 
| 127|0x000000070fe00000, 0x000000070fe00000, 0x0000000710000000|  0%| F|  |TAMS 0x000000070fe00000, 0x000000070fe00000| Untracked 
| 128|0x0000000710000000, 0x0000000710000000, 0x0000000710200000|  0%| F|  |TAMS 0x0000000710000000, 0x0000000710000000| Untracked 
| 129|0x0000000710200000, 0x0000000710200000, 0x0000000710400000|  0%| F|  |TAMS 0x0000000710200000, 0x0000000710200000| Untracked 
| 130|0x0000000710400000, 0x0000000710400000, 0x0000000710600000|  0%| F|  |TAMS 0x0000000710400000, 0x0000000710400000| Untracked 
| 131|0x0000000710600000, 0x0000000710600000, 0x0000000710800000|  0%| F|  |TAMS 0x0000000710600000, 0x0000000710600000| Untracked 
| 132|0x0000000710800000, 0x0000000710800000, 0x0000000710a00000|  0%| F|  |TAMS 0x0000000710800000, 0x0000000710800000| Untracked 
| 133|0x0000000710a00000, 0x0000000710a00000, 0x0000000710c00000|  0%| F|  |TAMS 0x0000000710a00000, 0x0000000710a00000| Untracked 
| 134|0x0000000710c00000, 0x0000000710c00000, 0x0000000710e00000|  0%| F|  |TAMS 0x0000000710c00000, 0x0000000710c00000| Untracked 
| 135|0x0000000710e00000, 0x0000000710e00000, 0x0000000711000000|  0%| F|  |TAMS 0x0000000710e00000, 0x0000000710e00000| Untracked 
| 136|0x0000000711000000, 0x0000000711000000, 0x0000000711200000|  0%| F|  |TAMS 0x0000000711000000, 0x0000000711000000| Untracked 
| 137|0x0000000711200000, 0x0000000711200000, 0x0000000711400000|  0%| F|  |TAMS 0x0000000711200000, 0x0000000711200000| Untracked 
| 138|0x0000000711400000, 0x0000000711400000, 0x0000000711600000|  0%| F|  |TAMS 0x0000000711400000, 0x0000000711400000| Untracked 
| 139|0x0000000711600000, 0x0000000711600000, 0x0000000711800000|  0%| F|  |TAMS 0x0000000711600000, 0x0000000711600000| Untracked 
| 140|0x0000000711800000, 0x0000000711800000, 0x0000000711a00000|  0%| F|  |TAMS 0x0000000711800000, 0x0000000711800000| Untracked 
| 141|0x0000000711a00000, 0x0000000711b00000, 0x0000000711c00000| 50%| S|CS|TAMS 0x0000000711a00000, 0x0000000711a00000| Complete 
| 142|0x0000000711c00000, 0x0000000711c00000, 0x0000000711e00000|  0%| F|  |TAMS 0x0000000711c00000, 0x0000000711c00000| Untracked 
| 143|0x0000000711e00000, 0x0000000711e00000, 0x0000000712000000|  0%| F|  |TAMS 0x0000000711e00000, 0x0000000711e00000| Untracked 
| 144|0x0000000712000000, 0x0000000712000000, 0x0000000712200000|  0%| F|  |TAMS 0x0000000712000000, 0x0000000712000000| Untracked 
| 145|0x0000000712200000, 0x0000000712200000, 0x0000000712400000|  0%| F|  |TAMS 0x0000000712200000, 0x0000000712200000| Untracked 
| 146|0x0000000712400000, 0x0000000712400000, 0x0000000712600000|  0%| F|  |TAMS 0x0000000712400000, 0x0000000712400000| Untracked 
| 147|0x0000000712600000, 0x0000000712600000, 0x0000000712800000|  0%| F|  |TAMS 0x0000000712600000, 0x0000000712600000| Untracked 
| 148|0x0000000712800000, 0x0000000712800000, 0x0000000712a00000|  0%| F|  |TAMS 0x0000000712800000, 0x0000000712800000| Untracked 
| 149|0x0000000712a00000, 0x0000000712a00000, 0x0000000712c00000|  0%| F|  |TAMS 0x0000000712a00000, 0x0000000712a00000| Untracked 
| 150|0x0000000712c00000, 0x0000000712c00000, 0x0000000712e00000|  0%| F|  |TAMS 0x0000000712c00000, 0x0000000712c00000| Untracked 
| 151|0x0000000712e00000, 0x0000000712e00000, 0x0000000713000000|  0%| F|  |TAMS 0x0000000712e00000, 0x0000000712e00000| Untracked 
| 152|0x0000000713000000, 0x0000000713000000, 0x0000000713200000|  0%| F|  |TAMS 0x0000000713000000, 0x0000000713000000| Untracked 
| 153|0x0000000713200000, 0x0000000713400000, 0x0000000713400000|100%| S|CS|TAMS 0x0000000713200000, 0x0000000713200000| Complete 
| 154|0x0000000713400000, 0x0000000713600000, 0x0000000713600000|100%| S|CS|TAMS 0x0000000713400000, 0x0000000713400000| Complete 
| 155|0x0000000713600000, 0x0000000713800000, 0x0000000713800000|100%| S|CS|TAMS 0x0000000713600000, 0x0000000713600000| Complete 
| 156|0x0000000713800000, 0x0000000713a00000, 0x0000000713a00000|100%| S|CS|TAMS 0x0000000713800000, 0x0000000713800000| Complete 
| 157|0x0000000713a00000, 0x0000000713c00000, 0x0000000713c00000|100%| S|CS|TAMS 0x0000000713a00000, 0x0000000713a00000| Complete 
| 158|0x0000000713c00000, 0x0000000713e00000, 0x0000000713e00000|100%| S|CS|TAMS 0x0000000713c00000, 0x0000000713c00000| Complete 
| 159|0x0000000713e00000, 0x0000000714000000, 0x0000000714000000|100%| S|CS|TAMS 0x0000000713e00000, 0x0000000713e00000| Complete 
| 160|0x0000000714000000, 0x0000000714200000, 0x0000000714200000|100%| S|CS|TAMS 0x0000000714000000, 0x0000000714000000| Complete 
| 161|0x0000000714200000, 0x0000000714400000, 0x0000000714400000|100%| S|CS|TAMS 0x0000000714200000, 0x0000000714200000| Complete 
| 162|0x0000000714400000, 0x0000000714600000, 0x0000000714600000|100%| S|CS|TAMS 0x0000000714400000, 0x0000000714400000| Complete 
| 163|0x0000000714600000, 0x0000000714800000, 0x0000000714800000|100%| S|CS|TAMS 0x0000000714600000, 0x0000000714600000| Complete 
| 164|0x0000000714800000, 0x0000000714a00000, 0x0000000714a00000|100%| S|CS|TAMS 0x0000000714800000, 0x0000000714800000| Complete 
| 165|0x0000000714a00000, 0x0000000714c00000, 0x0000000714c00000|100%| S|CS|TAMS 0x0000000714a00000, 0x0000000714a00000| Complete 
| 166|0x0000000714c00000, 0x0000000714c00000, 0x0000000714e00000|  0%| F|  |TAMS 0x0000000714c00000, 0x0000000714c00000| Untracked 
| 167|0x0000000714e00000, 0x0000000714e00000, 0x0000000715000000|  0%| F|  |TAMS 0x0000000714e00000, 0x0000000714e00000| Untracked 
| 168|0x0000000715000000, 0x0000000715000000, 0x0000000715200000|  0%| F|  |TAMS 0x0000000715000000, 0x0000000715000000| Untracked 
| 169|0x0000000715200000, 0x0000000715200000, 0x0000000715400000|  0%| F|  |TAMS 0x0000000715200000, 0x0000000715200000| Untracked 
| 170|0x0000000715400000, 0x0000000715400000, 0x0000000715600000|  0%| F|  |TAMS 0x0000000715400000, 0x0000000715400000| Untracked 
| 171|0x0000000715600000, 0x0000000715600000, 0x0000000715800000|  0%| F|  |TAMS 0x0000000715600000, 0x0000000715600000| Untracked 
| 172|0x0000000715800000, 0x0000000715800000, 0x0000000715a00000|  0%| F|  |TAMS 0x0000000715800000, 0x0000000715800000| Untracked 
| 173|0x0000000715a00000, 0x0000000715a00000, 0x0000000715c00000|  0%| F|  |TAMS 0x0000000715a00000, 0x0000000715a00000| Untracked 
| 174|0x0000000715c00000, 0x0000000715c00000, 0x0000000715e00000|  0%| F|  |TAMS 0x0000000715c00000, 0x0000000715c00000| Untracked 
| 175|0x0000000715e00000, 0x0000000715e00000, 0x0000000716000000|  0%| F|  |TAMS 0x0000000715e00000, 0x0000000715e00000| Untracked 
| 176|0x0000000716000000, 0x0000000716000000, 0x0000000716200000|  0%| F|  |TAMS 0x0000000716000000, 0x0000000716000000| Untracked 
| 177|0x0000000716200000, 0x0000000716200000, 0x0000000716400000|  0%| F|  |TAMS 0x0000000716200000, 0x0000000716200000| Untracked 
| 178|0x0000000716400000, 0x0000000716400000, 0x0000000716600000|  0%| F|  |TAMS 0x0000000716400000, 0x0000000716400000| Untracked 
| 179|0x0000000716600000, 0x0000000716600000, 0x0000000716800000|  0%| F|  |TAMS 0x0000000716600000, 0x0000000716600000| Untracked 
| 180|0x0000000716800000, 0x0000000716800000, 0x0000000716a00000|  0%| F|  |TAMS 0x0000000716800000, 0x0000000716800000| Untracked 
| 181|0x0000000716a00000, 0x0000000716a00000, 0x0000000716c00000|  0%| F|  |TAMS 0x0000000716a00000, 0x0000000716a00000| Untracked 
| 182|0x0000000716c00000, 0x0000000716c00000, 0x0000000716e00000|  0%| F|  |TAMS 0x0000000716c00000, 0x0000000716c00000| Untracked 
| 183|0x0000000716e00000, 0x0000000716e00000, 0x0000000717000000|  0%| F|  |TAMS 0x0000000716e00000, 0x0000000716e00000| Untracked 
| 184|0x0000000717000000, 0x0000000717000000, 0x0000000717200000|  0%| F|  |TAMS 0x0000000717000000, 0x0000000717000000| Untracked 
| 185|0x0000000717200000, 0x0000000717200000, 0x0000000717400000|  0%| F|  |TAMS 0x0000000717200000, 0x0000000717200000| Untracked 
| 186|0x0000000717400000, 0x0000000717400000, 0x0000000717600000|  0%| F|  |TAMS 0x0000000717400000, 0x0000000717400000| Untracked 
| 187|0x0000000717600000, 0x0000000717600000, 0x0000000717800000|  0%| F|  |TAMS 0x0000000717600000, 0x0000000717600000| Untracked 
| 188|0x0000000717800000, 0x0000000717800000, 0x0000000717a00000|  0%| F|  |TAMS 0x0000000717800000, 0x0000000717800000| Untracked 
| 189|0x0000000717a00000, 0x0000000717a00000, 0x0000000717c00000|  0%| F|  |TAMS 0x0000000717a00000, 0x0000000717a00000| Untracked 
| 190|0x0000000717c00000, 0x0000000717c00000, 0x0000000717e00000|  0%| F|  |TAMS 0x0000000717c00000, 0x0000000717c00000| Untracked 
| 191|0x0000000717e00000, 0x0000000717e00000, 0x0000000718000000|  0%| F|  |TAMS 0x0000000717e00000, 0x0000000717e00000| Untracked 
| 192|0x0000000718000000, 0x0000000718000000, 0x0000000718200000|  0%| F|  |TAMS 0x0000000718000000, 0x0000000718000000| Untracked 
| 193|0x0000000718200000, 0x0000000718200000, 0x0000000718400000|  0%| F|  |TAMS 0x0000000718200000, 0x0000000718200000| Untracked 
| 194|0x0000000718400000, 0x0000000718400000, 0x0000000718600000|  0%| F|  |TAMS 0x0000000718400000, 0x0000000718400000| Untracked 
| 195|0x0000000718600000, 0x0000000718600000, 0x0000000718800000|  0%| F|  |TAMS 0x0000000718600000, 0x0000000718600000| Untracked 
| 196|0x0000000718800000, 0x0000000718800000, 0x0000000718a00000|  0%| F|  |TAMS 0x0000000718800000, 0x0000000718800000| Untracked 
| 197|0x0000000718a00000, 0x0000000718a00000, 0x0000000718c00000|  0%| F|  |TAMS 0x0000000718a00000, 0x0000000718a00000| Untracked 
| 198|0x0000000718c00000, 0x0000000718c00000, 0x0000000718e00000|  0%| F|  |TAMS 0x0000000718c00000, 0x0000000718c00000| Untracked 
| 199|0x0000000718e00000, 0x0000000718e00000, 0x0000000719000000|  0%| F|  |TAMS 0x0000000718e00000, 0x0000000718e00000| Untracked 
| 200|0x0000000719000000, 0x0000000719000000, 0x0000000719200000|  0%| F|  |TAMS 0x0000000719000000, 0x0000000719000000| Untracked 
| 201|0x0000000719200000, 0x0000000719200000, 0x0000000719400000|  0%| F|  |TAMS 0x0000000719200000, 0x0000000719200000| Untracked 
| 202|0x0000000719400000, 0x0000000719400000, 0x0000000719600000|  0%| F|  |TAMS 0x0000000719400000, 0x0000000719400000| Untracked 
| 203|0x0000000719600000, 0x0000000719600000, 0x0000000719800000|  0%| F|  |TAMS 0x0000000719600000, 0x0000000719600000| Untracked 
| 204|0x0000000719800000, 0x0000000719800000, 0x0000000719a00000|  0%| F|  |TAMS 0x0000000719800000, 0x0000000719800000| Untracked 
| 205|0x0000000719a00000, 0x0000000719a00000, 0x0000000719c00000|  0%| F|  |TAMS 0x0000000719a00000, 0x0000000719a00000| Untracked 
| 206|0x0000000719c00000, 0x0000000719c00000, 0x0000000719e00000|  0%| F|  |TAMS 0x0000000719c00000, 0x0000000719c00000| Untracked 
| 207|0x0000000719e00000, 0x0000000719e00000, 0x000000071a000000|  0%| F|  |TAMS 0x0000000719e00000, 0x0000000719e00000| Untracked 
| 208|0x000000071a000000, 0x000000071a000000, 0x000000071a200000|  0%| F|  |TAMS 0x000000071a000000, 0x000000071a000000| Untracked 
| 209|0x000000071a200000, 0x000000071a200000, 0x000000071a400000|  0%| F|  |TAMS 0x000000071a200000, 0x000000071a200000| Untracked 
| 210|0x000000071a400000, 0x000000071a400000, 0x000000071a600000|  0%| F|  |TAMS 0x000000071a400000, 0x000000071a400000| Untracked 
| 211|0x000000071a600000, 0x000000071a600000, 0x000000071a800000|  0%| F|  |TAMS 0x000000071a600000, 0x000000071a600000| Untracked 
| 212|0x000000071a800000, 0x000000071a800000, 0x000000071aa00000|  0%| F|  |TAMS 0x000000071a800000, 0x000000071a800000| Untracked 
| 213|0x000000071aa00000, 0x000000071aa00000, 0x000000071ac00000|  0%| F|  |TAMS 0x000000071aa00000, 0x000000071aa00000| Untracked 
| 214|0x000000071ac00000, 0x000000071ac00000, 0x000000071ae00000|  0%| F|  |TAMS 0x000000071ac00000, 0x000000071ac00000| Untracked 
| 215|0x000000071ae00000, 0x000000071ae00000, 0x000000071b000000|  0%| F|  |TAMS 0x000000071ae00000, 0x000000071ae00000| Untracked 
| 216|0x000000071b000000, 0x000000071b000000, 0x000000071b200000|  0%| F|  |TAMS 0x000000071b000000, 0x000000071b000000| Untracked 
| 217|0x000000071b200000, 0x000000071b200000, 0x000000071b400000|  0%| F|  |TAMS 0x000000071b200000, 0x000000071b200000| Untracked 
| 218|0x000000071b400000, 0x000000071b400000, 0x000000071b600000|  0%| F|  |TAMS 0x000000071b400000, 0x000000071b400000| Untracked 
| 219|0x000000071b600000, 0x000000071b600000, 0x000000071b800000|  0%| F|  |TAMS 0x000000071b600000, 0x000000071b600000| Untracked 
| 220|0x000000071b800000, 0x000000071b800000, 0x000000071ba00000|  0%| F|  |TAMS 0x000000071b800000, 0x000000071b800000| Untracked 
| 221|0x000000071ba00000, 0x000000071ba00000, 0x000000071bc00000|  0%| F|  |TAMS 0x000000071ba00000, 0x000000071ba00000| Untracked 
| 222|0x000000071bc00000, 0x000000071bc00000, 0x000000071be00000|  0%| F|  |TAMS 0x000000071bc00000, 0x000000071bc00000| Untracked 
| 223|0x000000071be00000, 0x000000071be00000, 0x000000071c000000|  0%| F|  |TAMS 0x000000071be00000, 0x000000071be00000| Untracked 
| 224|0x000000071c000000, 0x000000071c000000, 0x000000071c200000|  0%| F|  |TAMS 0x000000071c000000, 0x000000071c000000| Untracked 
| 225|0x000000071c200000, 0x000000071c200000, 0x000000071c400000|  0%| F|  |TAMS 0x000000071c200000, 0x000000071c200000| Untracked 
| 226|0x000000071c400000, 0x000000071c400000, 0x000000071c600000|  0%| F|  |TAMS 0x000000071c400000, 0x000000071c400000| Untracked 
| 227|0x000000071c600000, 0x000000071c600000, 0x000000071c800000|  0%| F|  |TAMS 0x000000071c600000, 0x000000071c600000| Untracked 
| 228|0x000000071c800000, 0x000000071c800000, 0x000000071ca00000|  0%| F|  |TAMS 0x000000071c800000, 0x000000071c800000| Untracked 
| 229|0x000000071ca00000, 0x000000071ca00000, 0x000000071cc00000|  0%| F|  |TAMS 0x000000071ca00000, 0x000000071ca00000| Untracked 
| 230|0x000000071cc00000, 0x000000071cc00000, 0x000000071ce00000|  0%| F|  |TAMS 0x000000071cc00000, 0x000000071cc00000| Untracked 
| 231|0x000000071ce00000, 0x000000071ce00000, 0x000000071d000000|  0%| F|  |TAMS 0x000000071ce00000, 0x000000071ce00000| Untracked 
| 232|0x000000071d000000, 0x000000071d000000, 0x000000071d200000|  0%| F|  |TAMS 0x000000071d000000, 0x000000071d000000| Untracked 
| 233|0x000000071d200000, 0x000000071d200000, 0x000000071d400000|  0%| F|  |TAMS 0x000000071d200000, 0x000000071d200000| Untracked 
| 234|0x000000071d400000, 0x000000071d400000, 0x000000071d600000|  0%| F|  |TAMS 0x000000071d400000, 0x000000071d400000| Untracked 
| 235|0x000000071d600000, 0x000000071d600000, 0x000000071d800000|  0%| F|  |TAMS 0x000000071d600000, 0x000000071d600000| Untracked 
| 236|0x000000071d800000, 0x000000071d800000, 0x000000071da00000|  0%| F|  |TAMS 0x000000071d800000, 0x000000071d800000| Untracked 
| 237|0x000000071da00000, 0x000000071da00000, 0x000000071dc00000|  0%| F|  |TAMS 0x000000071da00000, 0x000000071da00000| Untracked 
| 238|0x000000071dc00000, 0x000000071dc00000, 0x000000071de00000|  0%| F|  |TAMS 0x000000071dc00000, 0x000000071dc00000| Untracked 
| 239|0x000000071de00000, 0x000000071de00000, 0x000000071e000000|  0%| F|  |TAMS 0x000000071de00000, 0x000000071de00000| Untracked 
| 240|0x000000071e000000, 0x000000071e000000, 0x000000071e200000|  0%| F|  |TAMS 0x000000071e000000, 0x000000071e000000| Untracked 
| 241|0x000000071e200000, 0x000000071e200000, 0x000000071e400000|  0%| F|  |TAMS 0x000000071e200000, 0x000000071e200000| Untracked 
| 242|0x000000071e400000, 0x000000071e400000, 0x000000071e600000|  0%| F|  |TAMS 0x000000071e400000, 0x000000071e400000| Untracked 
| 243|0x000000071e600000, 0x000000071e600000, 0x000000071e800000|  0%| F|  |TAMS 0x000000071e600000, 0x000000071e600000| Untracked 
| 244|0x000000071e800000, 0x000000071e800000, 0x000000071ea00000|  0%| F|  |TAMS 0x000000071e800000, 0x000000071e800000| Untracked 
| 245|0x000000071ea00000, 0x000000071ea00000, 0x000000071ec00000|  0%| F|  |TAMS 0x000000071ea00000, 0x000000071ea00000| Untracked 
| 246|0x000000071ec00000, 0x000000071ec00000, 0x000000071ee00000|  0%| F|  |TAMS 0x000000071ec00000, 0x000000071ec00000| Untracked 
| 247|0x000000071ee00000, 0x000000071ee00000, 0x000000071f000000|  0%| F|  |TAMS 0x000000071ee00000, 0x000000071ee00000| Untracked 
| 248|0x000000071f000000, 0x000000071f000000, 0x000000071f200000|  0%| F|  |TAMS 0x000000071f000000, 0x000000071f000000| Untracked 
| 249|0x000000071f200000, 0x000000071f200000, 0x000000071f400000|  0%| F|  |TAMS 0x000000071f200000, 0x000000071f200000| Untracked 
| 250|0x000000071f400000, 0x000000071f400000, 0x000000071f600000|  0%| F|  |TAMS 0x000000071f400000, 0x000000071f400000| Untracked 
| 251|0x000000071f600000, 0x000000071f600000, 0x000000071f800000|  0%| F|  |TAMS 0x000000071f600000, 0x000000071f600000| Untracked 
| 252|0x000000071f800000, 0x000000071f800000, 0x000000071fa00000|  0%| F|  |TAMS 0x000000071f800000, 0x000000071f800000| Untracked 
| 253|0x000000071fa00000, 0x000000071fa00000, 0x000000071fc00000|  0%| F|  |TAMS 0x000000071fa00000, 0x000000071fa00000| Untracked 
| 254|0x000000071fc00000, 0x000000071fc00000, 0x000000071fe00000|  0%| F|  |TAMS 0x000000071fc00000, 0x000000071fc00000| Untracked 
| 255|0x000000071fe00000, 0x000000071fe00000, 0x0000000720000000|  0%| F|  |TAMS 0x000000071fe00000, 0x000000071fe00000| Untracked 
| 256|0x0000000720000000, 0x0000000720000000, 0x0000000720200000|  0%| F|  |TAMS 0x0000000720000000, 0x0000000720000000| Untracked 
| 257|0x0000000720200000, 0x0000000720200000, 0x0000000720400000|  0%| F|  |TAMS 0x0000000720200000, 0x0000000720200000| Untracked 
| 258|0x0000000720400000, 0x0000000720400000, 0x0000000720600000|  0%| F|  |TAMS 0x0000000720400000, 0x0000000720400000| Untracked 
| 259|0x0000000720600000, 0x0000000720600000, 0x0000000720800000|  0%| F|  |TAMS 0x0000000720600000, 0x0000000720600000| Untracked 
| 260|0x0000000720800000, 0x0000000720800000, 0x0000000720a00000|  0%| F|  |TAMS 0x0000000720800000, 0x0000000720800000| Untracked 
| 261|0x0000000720a00000, 0x0000000720a00000, 0x0000000720c00000|  0%| F|  |TAMS 0x0000000720a00000, 0x0000000720a00000| Untracked 
| 262|0x0000000720c00000, 0x0000000720c00000, 0x0000000720e00000|  0%| F|  |TAMS 0x0000000720c00000, 0x0000000720c00000| Untracked 
| 263|0x0000000720e00000, 0x0000000720e00000, 0x0000000721000000|  0%| F|  |TAMS 0x0000000720e00000, 0x0000000720e00000| Untracked 
| 264|0x0000000721000000, 0x0000000721000000, 0x0000000721200000|  0%| F|  |TAMS 0x0000000721000000, 0x0000000721000000| Untracked 
| 265|0x0000000721200000, 0x0000000721200000, 0x0000000721400000|  0%| F|  |TAMS 0x0000000721200000, 0x0000000721200000| Untracked 
| 266|0x0000000721400000, 0x0000000721400000, 0x0000000721600000|  0%| F|  |TAMS 0x0000000721400000, 0x0000000721400000| Untracked 
| 267|0x0000000721600000, 0x0000000721600000, 0x0000000721800000|  0%| F|  |TAMS 0x0000000721600000, 0x0000000721600000| Untracked 
| 268|0x0000000721800000, 0x0000000721800000, 0x0000000721a00000|  0%| F|  |TAMS 0x0000000721800000, 0x0000000721800000| Untracked 
| 269|0x0000000721a00000, 0x0000000721a00000, 0x0000000721c00000|  0%| F|  |TAMS 0x0000000721a00000, 0x0000000721a00000| Untracked 
| 270|0x0000000721c00000, 0x0000000721cd8cc0, 0x0000000721e00000| 42%| E|  |TAMS 0x0000000721c00000, 0x0000000721c00000| Complete 
| 271|0x0000000721e00000, 0x0000000722000000, 0x0000000722000000|100%| E|CS|TAMS 0x0000000721e00000, 0x0000000721e00000| Complete 
| 272|0x0000000722000000, 0x0000000722200000, 0x0000000722200000|100%| E|CS|TAMS 0x0000000722000000, 0x0000000722000000| Complete 
| 273|0x0000000722200000, 0x0000000722400000, 0x0000000722400000|100%| E|  |TAMS 0x0000000722200000, 0x0000000722200000| Complete 
| 274|0x0000000722400000, 0x0000000722600000, 0x0000000722600000|100%| E|CS|TAMS 0x0000000722400000, 0x0000000722400000| Complete 
| 275|0x0000000722600000, 0x0000000722800000, 0x0000000722800000|100%| E|CS|TAMS 0x0000000722600000, 0x0000000722600000| Complete 
| 276|0x0000000722800000, 0x0000000722a00000, 0x0000000722a00000|100%| E|CS|TAMS 0x0000000722800000, 0x0000000722800000| Complete 
| 277|0x0000000722a00000, 0x0000000722c00000, 0x0000000722c00000|100%| E|CS|TAMS 0x0000000722a00000, 0x0000000722a00000| Complete 
| 278|0x0000000722c00000, 0x0000000722e00000, 0x0000000722e00000|100%| E|CS|TAMS 0x0000000722c00000, 0x0000000722c00000| Complete 
| 279|0x0000000722e00000, 0x0000000723000000, 0x0000000723000000|100%| E|CS|TAMS 0x0000000722e00000, 0x0000000722e00000| Complete 
| 280|0x0000000723000000, 0x0000000723200000, 0x0000000723200000|100%| E|CS|TAMS 0x0000000723000000, 0x0000000723000000| Complete 
| 281|0x0000000723200000, 0x0000000723400000, 0x0000000723400000|100%| E|CS|TAMS 0x0000000723200000, 0x0000000723200000| Complete 
| 282|0x0000000723400000, 0x0000000723600000, 0x0000000723600000|100%| E|CS|TAMS 0x0000000723400000, 0x0000000723400000| Complete 
| 283|0x0000000723600000, 0x0000000723800000, 0x0000000723800000|100%| E|CS|TAMS 0x0000000723600000, 0x0000000723600000| Complete 
| 284|0x0000000723800000, 0x0000000723a00000, 0x0000000723a00000|100%| E|CS|TAMS 0x0000000723800000, 0x0000000723800000| Complete 
| 285|0x0000000723a00000, 0x0000000723c00000, 0x0000000723c00000|100%| E|CS|TAMS 0x0000000723a00000, 0x0000000723a00000| Complete 
| 286|0x0000000723c00000, 0x0000000723e00000, 0x0000000723e00000|100%| E|CS|TAMS 0x0000000723c00000, 0x0000000723c00000| Complete 
| 287|0x0000000723e00000, 0x0000000724000000, 0x0000000724000000|100%| E|CS|TAMS 0x0000000723e00000, 0x0000000723e00000| Complete 
|2045|0x00000007ffa00000, 0x00000007ffc00000, 0x00000007ffc00000|100%| O|  |TAMS 0x00000007ffc00000, 0x00000007ffa00000| Untracked 
|2046|0x00000007ffc00000, 0x00000007ffe00000, 0x00000007ffe00000|100%| E|CS|TAMS 0x00000007ffc00000, 0x00000007ffc00000| Complete 
|2047|0x00000007ffe00000, 0x0000000800000000, 0x0000000800000000|100%| O|  |TAMS 0x0000000800000000, 0x00000007ffe00000| Untracked 

Card table byte_map: [0x000001bf6d3e0000,0x000001bf6dbe0000] _byte_map_base: 0x000001bf69be0000

Marking Bits (Prev, Next): (CMBitMap*) 0x000001bf5637d5b0, (CMBitMap*) 0x000001bf5637d570
 Prev Bits: [0x000001bf723e0000, 0x000001bf763e0000)
 Next Bits: [0x000001bf6e3e0000, 0x000001bf723e0000)

Polling page: 0x000001bf542d0000

Metaspace:

Usage:
  Non-class:    130.05 MB used.
      Class:     18.91 MB used.
       Both:    148.97 MB used.

Virtual space:
  Non-class space:      192.00 MB reserved,     130.75 MB ( 68%) committed,  3 nodes.
      Class space:      832.00 MB reserved,      19.50 MB (  2%) committed,  1 nodes.
             Both:        1.00 GB reserved,     150.25 MB ( 15%) committed. 

Chunk freelists:
   Non-Class:  13.11 MB
       Class:  12.45 MB
        Both:  25.56 MB

MaxMetaspaceSize: 1.00 GB
CompressedClassSpaceSize: 832.00 MB
Initial GC threshold: 21.00 MB
Current GC threshold: 244.31 MB
CDS: on
MetaspaceReclaimPolicy: balanced
 - commit_granule_bytes: 65536.
 - commit_granule_words: 8192.
 - virtual_space_node_default_size: 8388608.
 - enlarge_chunks_in_place: 1.
 - new_chunks_are_fully_committed: 0.
 - uncommit_free_chunks: 1.
 - use_allocation_guard: 0.
 - handle_deallocations: 1.


Internal statistics:

num_allocs_failed_limit: 6.
num_arena_births: 1846.
num_arena_deaths: 0.
num_vsnodes_births: 4.
num_vsnodes_deaths: 0.
num_space_committed: 2401.
num_space_uncommitted: 0.
num_chunks_returned_to_freelist: 6.
num_chunks_taken_from_freelist: 7985.
num_chunk_merges: 6.
num_chunk_splits: 5582.
num_chunks_enlarged: 4008.
num_inconsistent_stats: 0.

CodeHeap 'non-profiled nmethods': size=120064Kb used=14180Kb max_used=14180Kb free=105883Kb
 bounds [0x000001bf656a0000, 0x000001bf66480000, 0x000001bf6cbe0000]
CodeHeap 'profiled nmethods': size=120000Kb used=42853Kb max_used=44687Kb free=77146Kb
 bounds [0x000001bf5dbe0000, 0x000001bf607a0000, 0x000001bf65110000]
CodeHeap 'non-nmethods': size=5696Kb used=2575Kb max_used=2629Kb free=3120Kb
 bounds [0x000001bf65110000, 0x000001bf653b0000, 0x000001bf656a0000]
 total_blobs=21491 nmethods=20350 adapters=1050
 compilation: enabled
              stopped_count=0, restarted_count=0
 full_count=0

Compilation events (20 events):
Event: 567.320 Thread 0x000001bf785a00b0 25005       3       java.io.PrintWriter::ensureOpen (18 bytes)
Event: 567.320 Thread 0x000001bf785a00b0 nmethod 25005 0x000001bf5e42b890 code [0x000001bf5e42ba40, 0x000001bf5e42bc48]
Event: 567.321 Thread 0x000001bf7859eb40 25006       4       java.lang.String::valueOf (15 bytes)
Event: 567.321 Thread 0x000001bf7859eb40 nmethod 25006 0x000001bf66475d10 code [0x000001bf66475e80, 0x000001bf66475f18]
Event: 567.321 Thread 0x000001bf785a00b0 25007       3       java.io.PrintWriter::print (9 bytes)
Event: 567.322 Thread 0x000001bf785a00b0 nmethod 25007 0x000001bf5dfc6a90 code [0x000001bf5dfc6c60, 0x000001bf5dfc7148]
Event: 567.322 Thread 0x000001bf785a00b0 25008       3       java.io.PrintWriter::write (11 bytes)
Event: 567.322 Thread 0x000001bf785a00b0 nmethod 25008 0x000001bf5df7a010 code [0x000001bf5df7a1c0, 0x000001bf5df7a488]
Event: 567.322 Thread 0x000001bf785a00b0 25012  s    3       java.lang.StringBuffer::append (13 bytes)
Event: 567.322 Thread 0x000001bf785a00b0 nmethod 25012 0x000001bf5e55e510 code [0x000001bf5e55e6c0, 0x000001bf5e55e8e8]
Event: 567.322 Thread 0x000001bf785a00b0 25009   !   3       java.io.PrintWriter::write (58 bytes)
Event: 567.322 Thread 0x000001bf785a00b0 nmethod 25009 0x000001bf5fb98f90 code [0x000001bf5fb991a0, 0x000001bf5fb99788]
Event: 567.322 Thread 0x000001bf785a00b0 25010       3       java.io.StringWriter::write (14 bytes)
Event: 567.322 Thread 0x000001bf785a00b0 nmethod 25010 0x000001bf5dff4190 code [0x000001bf5dff4340, 0x000001bf5dff4608]
Event: 567.322 Thread 0x000001bf785a00b0 25011  s    3       java.lang.StringBuffer::append (15 bytes)
Event: 567.322 Thread 0x000001bf785a00b0 nmethod 25011 0x000001bf5e668f90 code [0x000001bf5e669140, 0x000001bf5e669368]
Event: 567.323 Thread 0x000001bf785a00b0 25014       1       org.gradle.execution.plan.edges.DependencySuccessorsOnlyNodeSet::getDependencySuccessors (5 bytes)
Event: 567.324 Thread 0x000001bf785a00b0 nmethod 25014 0x000001bf66476310 code [0x000001bf664764a0, 0x000001bf66476578]
Event: 567.324 Thread 0x000001bf7859eb40 25015       4       java.util.concurrent.ConcurrentLinkedQueue::bulkRemove (157 bytes)
Event: 567.334 Thread 0x000001bf7859eb40 nmethod 25015 0x000001bf66476610 code [0x000001bf664767a0, 0x000001bf66476c38]

GC Heap History (20 events):
Event: 220.227 GC heap before
{Heap before GC invocations=48 (full 0):
 garbage-first heap   total 333824K, used 271467K [0x0000000700000000, 0x0000000800000000)
  region size 2048K, 51 young (104448K), 5 survivors (10240K)
 Metaspace       used 147423K, committed 148416K, reserved 983040K
  class space    used 18899K, committed 19392K, reserved 851968K
}
Event: 220.273 GC heap after
{Heap after GC invocations=49 (full 0):
 garbage-first heap   total 333824K, used 185532K [0x0000000700000000, 0x0000000800000000)
  region size 2048K, 5 young (10240K), 5 survivors (10240K)
 Metaspace       used 147423K, committed 148416K, reserved 983040K
  class space    used 18899K, committed 19392K, reserved 851968K
}
Event: 234.527 GC heap before
{Heap before GC invocations=49 (full 0):
 garbage-first heap   total 333824K, used 273596K [0x0000000700000000, 0x0000000800000000)
  region size 2048K, 48 young (98304K), 5 survivors (10240K)
 Metaspace       used 148332K, committed 149504K, reserved 983040K
  class space    used 18993K, committed 19584K, reserved 851968K
}
Event: 234.556 GC heap after
{Heap after GC invocations=50 (full 0):
 garbage-first heap   total 333824K, used 186740K [0x0000000700000000, 0x0000000800000000)
  region size 2048K, 2 young (4096K), 2 survivors (4096K)
 Metaspace       used 148332K, committed 149504K, reserved 983040K
  class space    used 18993K, committed 19584K, reserved 851968K
}
Event: 237.150 GC heap before
{Heap before GC invocations=50 (full 0):
 garbage-first heap   total 333824K, used 276852K [0x0000000700000000, 0x0000000800000000)
  region size 2048K, 46 young (94208K), 2 survivors (4096K)
 Metaspace       used 148724K, committed 149888K, reserved 983040K
  class space    used 19011K, committed 19584K, reserved 851968K
}
Event: 237.195 GC heap after
{Heap after GC invocations=51 (full 0):
 garbage-first heap   total 333824K, used 197902K [0x0000000700000000, 0x0000000800000000)
  region size 2048K, 6 young (12288K), 6 survivors (12288K)
 Metaspace       used 148724K, committed 149888K, reserved 983040K
  class space    used 19011K, committed 19584K, reserved 851968K
}
Event: 239.188 GC heap before
{Heap before GC invocations=51 (full 0):
 garbage-first heap   total 333824K, used 275726K [0x0000000700000000, 0x0000000800000000)
  region size 2048K, 44 young (90112K), 6 survivors (12288K)
 Metaspace       used 148780K, committed 149952K, reserved 983040K
  class space    used 19012K, committed 19584K, reserved 851968K
}
Event: 239.244 GC heap after
{Heap after GC invocations=52 (full 0):
 garbage-first heap   total 333824K, used 207777K [0x0000000700000000, 0x0000000800000000)
  region size 2048K, 5 young (10240K), 5 survivors (10240K)
 Metaspace       used 148780K, committed 149952K, reserved 983040K
  class space    used 19012K, committed 19584K, reserved 851968K
}
Event: 421.758 GC heap before
{Heap before GC invocations=52 (full 0):
 garbage-first heap   total 333824K, used 275361K [0x0000000700000000, 0x0000000800000000)
  region size 2048K, 38 young (77824K), 5 survivors (10240K)
 Metaspace       used 148974K, committed 150080K, reserved 983040K
  class space    used 19022K, committed 19584K, reserved 851968K
}
Event: 421.802 GC heap after
{Heap after GC invocations=53 (full 0):
 garbage-first heap   total 333824K, used 213975K [0x0000000700000000, 0x0000000800000000)
  region size 2048K, 4 young (8192K), 4 survivors (8192K)
 Metaspace       used 148974K, committed 150080K, reserved 983040K
  class space    used 19022K, committed 19584K, reserved 851968K
}
Event: 424.034 GC heap before
{Heap before GC invocations=54 (full 0):
 garbage-first heap   total 358400K, used 273367K [0x0000000700000000, 0x0000000800000000)
  region size 2048K, 34 young (69632K), 4 survivors (8192K)
 Metaspace       used 149251K, committed 150464K, reserved 1048576K
  class space    used 19037K, committed 19648K, reserved 851968K
}
Event: 424.071 GC heap after
{Heap after GC invocations=55 (full 0):
 garbage-first heap   total 358400K, used 220005K [0x0000000700000000, 0x0000000800000000)
  region size 2048K, 4 young (8192K), 4 survivors (8192K)
 Metaspace       used 149251K, committed 150464K, reserved 1048576K
  class space    used 19037K, committed 19648K, reserved 851968K
}
Event: 424.275 GC heap before
{Heap before GC invocations=55 (full 0):
 garbage-first heap   total 358400K, used 228197K [0x0000000700000000, 0x0000000800000000)
  region size 2048K, 8 young (16384K), 4 survivors (8192K)
 Metaspace       used 149251K, committed 150464K, reserved 1048576K
  class space    used 19037K, committed 19648K, reserved 851968K
}
Event: 424.324 GC heap after
{Heap after GC invocations=56 (full 0):
 garbage-first heap   total 358400K, used 191118K [0x0000000700000000, 0x0000000800000000)
  region size 2048K, 1 young (2048K), 1 survivors (2048K)
 Metaspace       used 149251K, committed 150464K, reserved 1048576K
  class space    used 19037K, committed 19648K, reserved 851968K
}
Event: 424.590 GC heap before
{Heap before GC invocations=56 (full 0):
 garbage-first heap   total 358400K, used 205454K [0x0000000700000000, 0x0000000800000000)
  region size 2048K, 8 young (16384K), 1 survivors (2048K)
 Metaspace       used 149252K, committed 150464K, reserved 1048576K
  class space    used 19037K, committed 19648K, reserved 851968K
}
Event: 424.625 GC heap after
{Heap after GC invocations=57 (full 0):
 garbage-first heap   total 595968K, used 189440K [0x0000000700000000, 0x0000000800000000)
  region size 2048K, 1 young (2048K), 1 survivors (2048K)
 Metaspace       used 149252K, committed 150464K, reserved 1048576K
  class space    used 19037K, committed 19648K, reserved 851968K
}
Event: 466.292 GC heap before
{Heap before GC invocations=57 (full 0):
 garbage-first heap   total 595968K, used 465920K [0x0000000700000000, 0x0000000800000000)
  region size 2048K, 136 young (278528K), 1 survivors (2048K)
 Metaspace       used 149916K, committed 151168K, reserved 1048576K
  class space    used 19087K, committed 19712K, reserved 851968K
}
Event: 466.355 GC heap after
{Heap after GC invocations=58 (full 0):
 garbage-first heap   total 595968K, used 208781K [0x0000000700000000, 0x0000000800000000)
  region size 2048K, 11 young (22528K), 11 survivors (22528K)
 Metaspace       used 149916K, committed 151168K, reserved 1048576K
  class space    used 19087K, committed 19712K, reserved 851968K
}
Event: 544.676 GC heap before
{Heap before GC invocations=58 (full 0):
 garbage-first heap   total 595968K, used 458637K [0x0000000700000000, 0x0000000800000000)
  region size 2048K, 134 young (274432K), 11 survivors (22528K)
 Metaspace       used 150411K, committed 151744K, reserved 1048576K
  class space    used 19132K, committed 19776K, reserved 851968K
}
Event: 544.830 GC heap after
{Heap after GC invocations=59 (full 0):
 garbage-first heap   total 595968K, used 235699K [0x0000000700000000, 0x0000000800000000)
  region size 2048K, 14 young (28672K), 14 survivors (28672K)
 Metaspace       used 150411K, committed 151744K, reserved 1048576K
  class space    used 19132K, committed 19776K, reserved 851968K
}

Deoptimization events (20 events):
Event: 567.316 Thread 0x000001bf358443c0 Uncommon trap: trap_request=0xffffff45 fr.pc=0x000001bf6620ea74 relative=0x0000000000004834
Event: 567.316 Thread 0x000001bf358443c0 Uncommon trap: reason=unstable_if action=reinterpret pc=0x000001bf6620ea74 method=org.gradle.internal.logging.console.StyledTextOutputBackedRenderer.onOutput(Lorg/gradle/internal/logging/events/OutputEvent;)V @ 80 c2
Event: 567.316 Thread 0x000001bf358443c0 DEOPT PACKING pc=0x000001bf6620ea74 sp=0x000000308b3f62d0
Event: 567.316 Thread 0x000001bf358443c0 DEOPT UNPACKING pc=0x000001bf6516239d sp=0x000000308b3f6208 mode 2
Event: 567.316 Thread 0x000001bf358443c0 Uncommon trap: trap_request=0xffffffde fr.pc=0x000001bf660465dc relative=0x00000000000002dc
Event: 567.316 Thread 0x000001bf358443c0 Uncommon trap: reason=class_check action=maybe_recompile pc=0x000001bf660465dc method=org.gradle.internal.operations.logging.LoggingBuildOperationProgressBroadcaster.onOutput(Lorg/gradle/internal/logging/events/OutputEvent;)V @ 8 c2
Event: 567.316 Thread 0x000001bf358443c0 DEOPT PACKING pc=0x000001bf660465dc sp=0x000000308b3f67a0
Event: 567.316 Thread 0x000001bf358443c0 DEOPT UNPACKING pc=0x000001bf6516239d sp=0x000000308b3f66d0 mode 2
Event: 567.317 Thread 0x000001bf358443c0 Uncommon trap: trap_request=0xffffff45 fr.pc=0x000001bf660f4728 relative=0x0000000000001788
Event: 567.317 Thread 0x000001bf358443c0 Uncommon trap: reason=unstable_if action=reinterpret pc=0x000001bf660f4728 method=org.gradle.internal.operations.DefaultBuildOperationExecutor$ListenerAdapter.stop(Lorg/gradle/internal/operations/BuildOperationDescriptor;Lorg/gradle/internal/operations/Bu
Event: 567.317 Thread 0x000001bf358443c0 DEOPT PACKING pc=0x000001bf660f4728 sp=0x000000308b3fb450
Event: 567.317 Thread 0x000001bf358443c0 DEOPT UNPACKING pc=0x000001bf6516239d sp=0x000000308b3fb348 mode 2
Event: 567.318 Thread 0x000001bf358443c0 Uncommon trap: trap_request=0xffffff45 fr.pc=0x000001bf660f4728 relative=0x0000000000001788
Event: 567.318 Thread 0x000001bf358443c0 Uncommon trap: reason=unstable_if action=reinterpret pc=0x000001bf660f4728 method=org.gradle.internal.operations.DefaultBuildOperationExecutor$ListenerAdapter.stop(Lorg/gradle/internal/operations/BuildOperationDescriptor;Lorg/gradle/internal/operations/Bu
Event: 567.318 Thread 0x000001bf358443c0 DEOPT PACKING pc=0x000001bf660f4728 sp=0x000000308b3fdb90
Event: 567.318 Thread 0x000001bf358443c0 DEOPT UNPACKING pc=0x000001bf6516239d sp=0x000000308b3fda88 mode 2
Event: 567.324 Thread 0x000001bf358443c0 Uncommon trap: trap_request=0xffffff45 fr.pc=0x000001bf660f4728 relative=0x0000000000001788
Event: 567.324 Thread 0x000001bf358443c0 Uncommon trap: reason=unstable_if action=reinterpret pc=0x000001bf660f4728 method=org.gradle.internal.operations.DefaultBuildOperationExecutor$ListenerAdapter.stop(Lorg/gradle/internal/operations/BuildOperationDescriptor;Lorg/gradle/internal/operations/Bu
Event: 567.324 Thread 0x000001bf358443c0 DEOPT PACKING pc=0x000001bf660f4728 sp=0x000000308b3fe5b0
Event: 567.324 Thread 0x000001bf358443c0 DEOPT UNPACKING pc=0x000001bf6516239d sp=0x000000308b3fe4a8 mode 2

Classes unloaded (0 events):
No events

Classes redefined (0 events):
No events

Internal exceptions (20 events):
Event: 544.666 Thread 0x000001bf443d8aa0 Exception <a 'java/lang/NoSuchMethodError'{0x0000000714de7ad0}: 'java.lang.Object java.lang.invoke.DirectMethodHandle$Holder.invokeSpecial(java.lang.Object, java.lang.Object, java.lang.Object, java.lang.Object, java.lang.Object, java.lang.Object, java.lang.Object, int)'> (0x0000000714de7ad0) 
thrown [s\open\src\hotspot\share\interpreter\linkResolver.cpp, line 759]
Event: 544.666 Thread 0x000001bf443d8aa0 Exception <a 'java/lang/NoSuchMethodError'{0x0000000714decea8}: 'java.lang.Object java.lang.invoke.Invokers$Holder.linkToTargetMethod(java.lang.Object, java.lang.Object, java.lang.Object, java.lang.Object, java.lang.Object, int, java.lang.Object)'> (0x0000000714decea8) 
thrown [s\open\src\hotspot\share\interpreter\linkResolver.cpp, line 759]
Event: 545.192 Thread 0x000001bf443d8aa0 Exception <a 'sun/nio/fs/WindowsException'{0x0000000723f4f210}> (0x0000000723f4f210) 
thrown [s\open\src\hotspot\share\prims\jni.cpp, line 516]
Event: 545.393 Thread 0x000001bf443d8aa0 Exception <a 'sun/nio/fs/WindowsException'{0x0000000723feaa08}> (0x0000000723feaa08) 
thrown [s\open\src\hotspot\share\prims\jni.cpp, line 516]
Event: 545.393 Thread 0x000001bf443d8aa0 Exception <a 'sun/nio/fs/WindowsException'{0x0000000723fec178}> (0x0000000723fec178) 
thrown [s\open\src\hotspot\share\prims\jni.cpp, line 516]
Event: 545.502 Thread 0x000001bf443d8aa0 Exception <a 'sun/nio/fs/WindowsException'{0x0000000723fed938}> (0x0000000723fed938) 
thrown [s\open\src\hotspot\share\prims\jni.cpp, line 516]
Event: 545.502 Thread 0x000001bf443d8aa0 Exception <a 'sun/nio/fs/WindowsException'{0x0000000723fef0f8}> (0x0000000723fef0f8) 
thrown [s\open\src\hotspot\share\prims\jni.cpp, line 516]
Event: 548.002 Thread 0x000001bf358443c0 Exception <a 'java/lang/NoSuchMethodError'{0x00000007229ae660}: 'void java.lang.invoke.DirectMethodHandle$Holder.invokeSpecial(java.lang.Object, java.lang.Object, java.lang.Object, java.lang.Object, int, java.lang.Object, java.lang.Object)'> (0x00000007229ae660) 
thrown [s\open\src\hotspot\share\interpreter\linkResolver.cpp, line 759]
Event: 548.019 Thread 0x000001bf358443c0 Exception <a 'java/lang/NoSuchMethodError'{0x0000000722600d88}: 'void java.lang.invoke.DirectMethodHandle$Holder.invokeInterface(java.lang.Object, java.lang.Object, java.lang.Object, java.lang.Object)'> (0x0000000722600d88) 
thrown [s\open\src\hotspot\share\interpreter\linkResolver.cpp, line 759]
Event: 549.200 Thread 0x000001bf358443c0 Exception <a 'java/lang/NoSuchMethodError'{0x00000007224d3ea0}: static Lcom/android/build/api/variant/BuildConfigField;.<clinit>()V> (0x00000007224d3ea0) 
thrown [s\open\src\hotspot\share\prims\jni.cpp, line 1112]
Event: 550.439 Thread 0x000001bf358443c0 Exception <a 'sun/nio/fs/WindowsException'{0x0000000721e84ff8}> (0x0000000721e84ff8) 
thrown [s\open\src\hotspot\share\prims\jni.cpp, line 516]
Event: 550.439 Thread 0x000001bf358443c0 Exception <a 'sun/nio/fs/WindowsException'{0x0000000721e853b8}> (0x0000000721e853b8) 
thrown [s\open\src\hotspot\share\prims\jni.cpp, line 516]
Event: 550.440 Thread 0x000001bf358443c0 Exception <a 'sun/nio/fs/WindowsException'{0x0000000721e878e0}> (0x0000000721e878e0) 
thrown [s\open\src\hotspot\share\prims\jni.cpp, line 516]
Event: 550.441 Thread 0x000001bf358443c0 Exception <a 'sun/nio/fs/WindowsException'{0x0000000721e87c40}> (0x0000000721e87c40) 
thrown [s\open\src\hotspot\share\prims\jni.cpp, line 516]
Event: 550.441 Thread 0x000001bf358443c0 Exception <a 'sun/nio/fs/WindowsException'{0x0000000721e89e18}> (0x0000000721e89e18) 
thrown [s\open\src\hotspot\share\prims\jni.cpp, line 516]
Event: 550.441 Thread 0x000001bf358443c0 Exception <a 'sun/nio/fs/WindowsException'{0x0000000721e8a168}> (0x0000000721e8a168) 
thrown [s\open\src\hotspot\share\prims\jni.cpp, line 516]
Event: 550.442 Thread 0x000001bf358443c0 Exception <a 'sun/nio/fs/WindowsException'{0x0000000721e8c330}> (0x0000000721e8c330) 
thrown [s\open\src\hotspot\share\prims\jni.cpp, line 516]
Event: 550.442 Thread 0x000001bf358443c0 Exception <a 'sun/nio/fs/WindowsException'{0x0000000721e8c650}> (0x0000000721e8c650) 
thrown [s\open\src\hotspot\share\prims\jni.cpp, line 516]
Event: 562.309 Thread 0x000001bf358443c0 Exception <a 'net/rubygrapefruit/platform/NativeException'{0x0000000721f95258}: Execution timed out> (0x0000000721f95258) 
thrown [s\open\src\hotspot\share\prims\jni.cpp, line 535]
Event: 567.317 Thread 0x000001bf358443c0 Exception <a 'net/rubygrapefruit/platform/NativeException'{0x0000000721fb6560}: Execution timed out> (0x0000000721fb6560) 
thrown [s\open\src\hotspot\share\prims\jni.cpp, line 535]

VM Operations (20 events):
Event: 547.059 Executing VM operation: Cleanup done
Event: 547.488 Executing VM operation: HandshakeAllThreads
Event: 547.489 Executing VM operation: HandshakeAllThreads done
Event: 548.489 Executing VM operation: Cleanup
Event: 548.489 Executing VM operation: Cleanup done
Event: 548.730 Executing VM operation: HandshakeAllThreads
Event: 548.730 Executing VM operation: HandshakeAllThreads done
Event: 549.730 Executing VM operation: Cleanup
Event: 549.730 Executing VM operation: Cleanup done
Event: 550.738 Executing VM operation: Cleanup
Event: 550.738 Executing VM operation: Cleanup done
Event: 551.756 Executing VM operation: Cleanup
Event: 551.756 Executing VM operation: Cleanup done
Event: 556.833 Executing VM operation: Cleanup
Event: 556.833 Executing VM operation: Cleanup done
Event: 558.861 Executing VM operation: Cleanup
Event: 558.861 Executing VM operation: Cleanup done
Event: 562.982 Executing VM operation: Cleanup
Event: 562.982 Executing VM operation: Cleanup done
Event: 568.117 Executing VM operation: Cleanup

Events (20 events):
Event: 543.163 Thread 0x000001bf785ac660 flushing nmethod 0x000001bf605dc810
Event: 543.163 Thread 0x000001bf785ac660 flushing nmethod 0x000001bf60601110
Event: 543.163 Thread 0x000001bf785ac660 flushing nmethod 0x000001bf6060fa90
Event: 543.163 Thread 0x000001bf785ac660 flushing nmethod 0x000001bf60628490
Event: 543.163 Thread 0x000001bf785ac660 flushing nmethod 0x000001bf60636290
Event: 543.163 Thread 0x000001bf785ac660 flushing nmethod 0x000001bf606ba790
Event: 543.163 Thread 0x000001bf785ac660 flushing nmethod 0x000001bf606c6010
Event: 543.164 Thread 0x000001bf785ac660 flushing nmethod 0x000001bf606cc610
Event: 543.164 Thread 0x000001bf785ac660 flushing nmethod 0x000001bf606e6590
Event: 547.892 Thread 0x000001bf358443c0 Thread added: 0x000001bf358443c0
Event: 547.958 Thread 0x000001bf358499d0 Thread added: 0x000001bf358499d0
Event: 547.971 Thread 0x000001bf35842a70 Thread added: 0x000001bf35842a70
Event: 550.407 loading class java/nio/file/Files$2
Event: 550.407 loading class java/nio/file/Files$2 done
Event: 562.232 loading class java/util/logging/LogRecord
Event: 562.308 loading class java/util/logging/LogRecord done
Event: 567.319 loading class java/lang/Throwable$WrappedPrintWriter
Event: 567.319 loading class java/lang/Throwable$PrintStreamOrWriter
Event: 567.319 loading class java/lang/Throwable$PrintStreamOrWriter done
Event: 567.319 loading class java/lang/Throwable$WrappedPrintWriter done


Dynamic libraries:
0x00007ff65aa30000 - 0x00007ff65aa40000 	C:\Program Files\Java\jdk-17\bin\java.exe
0x00007fff03670000 - 0x00007fff03868000 	V:\Windows\SYSTEM32\ntdll.dll
0x00007fff017a0000 - 0x00007fff0185f000 	V:\Windows\System32\KERNEL32.DLL
0x00007fff00fd0000 - 0x00007fff012c6000 	V:\Windows\System32\KERNELBASE.dll
0x00007fff014b0000 - 0x00007fff015b0000 	V:\Windows\System32\ucrtbase.dll
0x00007ffee5910000 - 0x00007ffee5929000 	C:\Program Files\Java\jdk-17\bin\jli.dll
0x00007fff01e40000 - 0x00007fff01eef000 	V:\Windows\System32\ADVAPI32.dll
0x00007fff018e0000 - 0x00007fff0197e000 	V:\Windows\System32\msvcrt.dll
0x00007fff032c0000 - 0x00007fff0335c000 	V:\Windows\System32\sechost.dll
0x00007fff01d10000 - 0x00007fff01e36000 	V:\Windows\System32\RPCRT4.dll
0x00007fff03360000 - 0x00007fff034fd000 	V:\Windows\System32\USER32.dll
0x00007fff012d0000 - 0x00007fff012f2000 	V:\Windows\System32\win32u.dll
0x00007fff01ce0000 - 0x00007fff01d0c000 	V:\Windows\System32\GDI32.dll
0x00007fff015b0000 - 0x00007fff016c5000 	V:\Windows\System32\gdi32full.dll
0x00007fff00e70000 - 0x00007fff00f0d000 	V:\Windows\System32\msvcp_win.dll
0x00007ffee58f0000 - 0x00007ffee590b000 	C:\Program Files\Java\jdk-17\bin\VCRUNTIME140.dll
0x00007ffeeb010000 - 0x00007ffeeb2aa000 	V:\Windows\WinSxS\amd64_microsoft.windows.common-controls_6595b64144ccf1df_6.0.19041.1110_none_60b5254171f9507e\COMCTL32.dll
0x00007ffefb670000 - 0x00007ffefb67a000 	V:\Windows\SYSTEM32\VERSION.dll
0x00007fff03290000 - 0x00007fff032c0000 	V:\Windows\System32\IMM32.DLL
0x00007ffef5450000 - 0x00007ffef545c000 	C:\Program Files\Java\jdk-17\bin\vcruntime140_1.dll
0x00007ffee5860000 - 0x00007ffee58ee000 	C:\Program Files\Java\jdk-17\bin\msvcp140.dll
0x00007ffec93c0000 - 0x00007ffec9fa0000 	C:\Program Files\Java\jdk-17\bin\server\jvm.dll
0x00007fff03050000 - 0x00007fff03058000 	V:\Windows\System32\PSAPI.DLL
0x00007ffef5430000 - 0x00007ffef5439000 	V:\Windows\SYSTEM32\WSOCK32.dll
0x00007fff02ef0000 - 0x00007fff02f5b000 	V:\Windows\System32\WS2_32.dll
0x00007ffef7ab0000 - 0x00007ffef7ad7000 	V:\Windows\SYSTEM32\WINMM.dll
0x00007ffefec10000 - 0x00007ffefec22000 	V:\Windows\SYSTEM32\kernel.appcore.dll
0x00007ffee6290000 - 0x00007ffee629a000 	C:\Program Files\Java\jdk-17\bin\jimage.dll
0x00007ffeed850000 - 0x00007ffeeda34000 	V:\Windows\SYSTEM32\DBGHELP.DLL
0x00007ffee30a0000 - 0x00007ffee30d4000 	V:\Windows\SYSTEM32\dbgcore.DLL
0x00007fff00f10000 - 0x00007fff00f92000 	V:\Windows\System32\bcryptPrimitives.dll
0x00007ffee84d0000 - 0x00007ffee84de000 	C:\Program Files\Java\jdk-17\bin\instrument.dll
0x00007ffee5830000 - 0x00007ffee5855000 	C:\Program Files\Java\jdk-17\bin\java.dll
0x00007ffee5750000 - 0x00007ffee5827000 	C:\Program Files\Java\jdk-17\bin\jsvml.dll
0x00007fff02690000 - 0x00007fff02dd4000 	V:\Windows\System32\SHELL32.dll
0x00007ffefee10000 - 0x00007ffeff5a3000 	V:\Windows\SYSTEM32\windows.storage.dll
0x00007fff01980000 - 0x00007fff01cd4000 	V:\Windows\System32\combase.dll
0x00007fff00790000 - 0x00007fff007be000 	V:\Windows\SYSTEM32\Wldp.dll
0x00007fff02e40000 - 0x00007fff02eed000 	V:\Windows\System32\SHCORE.dll
0x00007fff02de0000 - 0x00007fff02e35000 	V:\Windows\System32\shlwapi.dll
0x00007fff00c80000 - 0x00007fff00ca5000 	V:\Windows\SYSTEM32\profapi.dll
0x00007ffed3d90000 - 0x00007ffed3da8000 	C:\Program Files\Java\jdk-17\bin\zip.dll
0x00007ffee5730000 - 0x00007ffee5749000 	C:\Program Files\Java\jdk-17\bin\net.dll
0x00007ffef3870000 - 0x00007ffef397a000 	V:\Windows\SYSTEM32\WINHTTP.dll
0x00007fff004f0000 - 0x00007fff0055a000 	V:\Windows\system32\mswsock.dll
0x00007ffee5710000 - 0x00007ffee5726000 	C:\Program Files\Java\jdk-17\bin\nio.dll
0x00007ffee5d90000 - 0x00007ffee5da0000 	C:\Program Files\Java\jdk-17\bin\verify.dll
0x00007ffee6ae0000 - 0x00007ffee6b07000 	V:\Users\Rodrigo\.gradle\native\68d5fa5c4cc2d200863cafc0d521ce42e7d3e7ee720ec0a83991735586a16f82\windows-amd64\native-platform.dll
0x00007ffee6540000 - 0x00007ffee6684000 	V:\Users\Rodrigo\.gradle\native\e376f236ea51e6404a007f0833ffe2c6e607c4080706a723a18a27aeea778392\windows-amd64\native-platform-file-events.dll
0x00007ffee9fe0000 - 0x00007ffee9fea000 	C:\Program Files\Java\jdk-17\bin\management.dll
0x00007ffee84e0000 - 0x00007ffee84eb000 	C:\Program Files\Java\jdk-17\bin\management_ext.dll
0x00007fff006e0000 - 0x00007fff006f8000 	V:\Windows\SYSTEM32\CRYPTSP.dll
0x00007ffeffd90000 - 0x00007ffeffdc4000 	V:\Windows\system32\rsaenh.dll
0x00007fff00fa0000 - 0x00007fff00fc7000 	V:\Windows\System32\bcrypt.dll
0x00007fff00c40000 - 0x00007fff00c6e000 	V:\Windows\SYSTEM32\USERENV.dll
0x00007fff00700000 - 0x00007fff0070c000 	V:\Windows\SYSTEM32\CRYPTBASE.dll
0x00007fff00190000 - 0x00007fff001cb000 	V:\Windows\SYSTEM32\IPHLPAPI.DLL
0x00007fff03280000 - 0x00007fff03288000 	V:\Windows\System32\NSI.dll
0x00007ffef9dd0000 - 0x00007ffef9de7000 	V:\Windows\SYSTEM32\dhcpcsvc6.DLL
0x00007ffef9ea0000 - 0x00007ffef9ebd000 	V:\Windows\SYSTEM32\dhcpcsvc.DLL
0x00007fff001d0000 - 0x00007fff0029a000 	V:\Windows\SYSTEM32\DNSAPI.dll
0x00007ffee66b0000 - 0x00007ffee66be000 	C:\Program Files\Java\jdk-17\bin\sunmscapi.dll
0x00007fff01300000 - 0x00007fff0145e000 	V:\Windows\System32\CRYPT32.dll
0x00007fff00800000 - 0x00007fff00828000 	V:\Windows\SYSTEM32\ncrypt.dll
0x00007fff007c0000 - 0x00007fff007fb000 	V:\Windows\SYSTEM32\NTASN1.dll
0x00007ffee09a0000 - 0x00007ffee09a7000 	V:\Windows\system32\wshunix.dll
0x00007ffefc680000 - 0x00007ffefc697000 	V:\Windows\system32\napinsp.dll
0x00007ffee0450000 - 0x00007ffee0465000 	V:\Windows\system32\wshbth.dll
0x00007ffefc6d0000 - 0x00007ffefc6ed000 	V:\Windows\system32\NLAapi.dll
0x00007ffefc2e0000 - 0x00007ffefc2f2000 	V:\Windows\System32\winrnr.dll
0x00007ffef6dd0000 - 0x00007ffef6dda000 	V:\Windows\System32\rasadhlp.dll
0x00007ffef6d40000 - 0x00007ffef6dc2000 	V:\Windows\System32\fwpuclnt.dll

dbghelp: loaded successfully - version: 4.0.5 - missing functions: none
symbol engine: initialized successfully - sym options: 0x614 - pdb path: .;C:\Program Files\Java\jdk-17\bin;V:\Windows\SYSTEM32;V:\Windows\WinSxS\amd64_microsoft.windows.common-controls_6595b64144ccf1df_6.0.19041.1110_none_60b5254171f9507e;C:\Program Files\Java\jdk-17\bin\server;V:\Users\Rodrigo\.gradle\native\68d5fa5c4cc2d200863cafc0d521ce42e7d3e7ee720ec0a83991735586a16f82\windows-amd64;V:\Users\Rodrigo\.gradle\native\e376f236ea51e6404a007f0833ffe2c6e607c4080706a723a18a27aeea778392\windows-amd64

VM Arguments:
jvm_args: -XX:MaxMetaspaceSize=1024m -XX:+HeapDumpOnOutOfMemoryError --add-opens=java.base/java.util=ALL-UNNAMED --add-opens=java.base/java.lang=ALL-UNNAMED --add-opens=java.base/java.lang.invoke=ALL-UNNAMED --add-opens=java.prefs/java.util.prefs=ALL-UNNAMED --add-opens=java.base/java.nio.charset=ALL-UNNAMED --add-opens=java.base/java.net=ALL-UNNAMED --add-opens=java.base/java.util.concurrent.atomic=ALL-UNNAMED -Xmx4096m -Dfile.encoding=UTF-8 -Duser.country=US -Duser.language=es -Duser.variant -javaagent:V:\Users\Rodrigo\.gradle\wrapper\dists\gradle-8.2-bin\bbg7u40eoinfdyxsxr3z4i7ta\gradle-8.2\lib\agents\gradle-instrumentation-agent-8.2.jar 
java_command: org.gradle.launcher.daemon.bootstrap.GradleDaemon 8.2
java_class_path (initial): V:\Users\Rodrigo\.gradle\wrapper\dists\gradle-8.2-bin\bbg7u40eoinfdyxsxr3z4i7ta\gradle-8.2\lib\gradle-launcher-8.2.jar
Launcher Type: SUN_STANDARD

[Global flags]
     intx CICompilerCount                          = 2                                         {product} {ergonomic}
   size_t CompressedClassSpaceSize                 = 872415232                                 {product} {ergonomic}
     uint ConcGCThreads                            = 1                                         {product} {ergonomic}
     uint G1ConcRefinementThreads                  = 2                                         {product} {ergonomic}
   size_t G1HeapRegionSize                         = 2097152                                   {product} {ergonomic}
    uintx GCDrainStackTargetSize                   = 64                                        {product} {ergonomic}
     bool HeapDumpOnOutOfMemoryError               = true                                   {manageable} {command line}
   size_t InitialHeapSize                          = 268435456                                 {product} {ergonomic}
   size_t MarkStackSize                            = 4194304                                   {product} {ergonomic}
   size_t MaxHeapSize                              = 4294967296                                {product} {command line}
   size_t MaxMetaspaceSize                         = 1073741824                                {product} {command line}
   size_t MaxNewSize                               = 2575302656                                {product} {ergonomic}
   size_t MinHeapDeltaBytes                        = 2097152                                   {product} {ergonomic}
   size_t MinHeapSize                              = 8388608                                   {product} {ergonomic}
    uintx NonNMethodCodeHeapSize                   = 5826188                                {pd product} {ergonomic}
    uintx NonProfiledCodeHeapSize                  = 122916026                              {pd product} {ergonomic}
    uintx ProfiledCodeHeapSize                     = 122916026                              {pd product} {ergonomic}
    uintx ReservedCodeCacheSize                    = 251658240                              {pd product} {ergonomic}
     bool SegmentedCodeCache                       = true                                      {product} {ergonomic}
   size_t SoftMaxHeapSize                          = 4294967296                             {manageable} {ergonomic}
     bool UseCompressedClassPointers               = true                           {product lp64_product} {ergonomic}
     bool UseCompressedOops                        = true                           {product lp64_product} {ergonomic}
     bool UseG1GC                                  = true                                      {product} {ergonomic}
     bool UseLargePagesIndividualAllocation        = false                                  {pd product} {ergonomic}

Logging:
Log output configuration:
 #0: stdout all=warning uptime,level,tags
 #1: stderr all=off uptime,level,tags

Environment Variables:
CLASSPATH=c:\Users\Rodrigo\Documents\Rendly\\gradle\wrapper\gradle-wrapper.jar
PATH=V:\Program Files\Common Files\Oracle\Java\javapath;V:\Windows\system32;V:\Windows;V:\Windows\System32\Wbem;V:\Windows\System32\WindowsPowerShell\v1.0\;V:\Windows\System32\OpenSSH\;V:\Program Files\nodejs\;V:\Program Files\Git\cmd;V:\Users\Rodrigo\scoop\shims;V:\Users\Rodrigo\AppData\Local\Programs\Python\Python314\Scripts\;V:\Users\Rodrigo\AppData\Local\Programs\Python\Python314\;V:\Users\Rodrigo\AppData\Local\Programs\Python\Launcher\;V:\Users\Rodrigo\AppData\Local\Programs\Eclipse Adoptium\jdk-17.0.17.10-hotspot\bin;V:\Windows\system32;V:\Windows;V:\Windows\System32\Wbem;V:\Windows\System32\WindowsPowerShell\v1.0\;V:\Windows\System32\OpenSSH\;V:\Program Files\nodejs\;V:\Program Files\Git\cmd;V:\Users\Rodrigo\AppData\Local\Microsoft\WindowsApps;V:\Users\Rodrigo\AppData\Roaming\npm;V:\Users\Rodrigo\AppData\Local\Programs\Windsurf\bin;C:\Android\cmdline-tools\latest\bin;C:\Android\platform-tools
USERNAME=Rodrigo
OS=Windows_NT
PROCESSOR_IDENTIFIER=AMD64 Family 16 Model 6 Stepping 3, AuthenticAMD



---------------  S Y S T E M  ---------------

OS:
 Windows 10 , 64 bit Build 19041 (10.0.19041.3155)
OS uptime: 0 days 1:37 hours

CPU: total 2 (initial active 2) (2 cores per cpu, 1 threads per core) family 16 model 6 stepping 3 microcode 0x0, cx8, cmov, fxsr, mmx, 3dnowpref, sse, sse2, sse3, sse4a, popcnt, lzcnt, tsc, tscinvbit, clflush

Memory: 4k page, system-wide physical 16383M (4376M free)
TotalPageFile size 31231M (AvailPageFile size 15559M)
current process WorkingSet (physical memory assigned to process): 936M, peak: 941M
current process commit charge ("private bytes"): 988M, peak: 991M

vm_info: Java HotSpot(TM) 64-Bit Server VM (17.0.12+8-LTS-286) for windows-amd64 JRE (17.0.12+8-LTS-286), built on Jun  5 2024 06:46:59 by "mach5one" with MS VC++ 17.6 (VS2022)

END.
